2024-07-30 09:52:24:126 [Appium] Welcome to Appium v1.22.3
2024-07-30 09:52:24:127 [Appium] Non-default server args:
2024-07-30 09:52:24:127 [Appium]   basePath: /
2024-07-30 09:52:24:127 [Appium]   logFile: ./appium.log
2024-07-30 09:52:24:128 [Appium]   relaxedSecurityEnabled: true
2024-07-30 09:52:24:141 [Appium] Appium REST http interface listener started on 0.0.0.0:4723
2024-07-30 09:52:24:785 [HTTP] --> GET /wd/hub/session/414c7d43-cd61-4bed-85f3-6a5c40d1d129/timeouts
2024-07-30 09:52:24:785 [HTTP] {}
2024-07-30 09:52:24:791 [HTTP] No route found for /wd/hub/session/414c7d43-cd61-4bed-85f3-6a5c40d1d129/timeouts
2024-07-30 09:52:24:795 [HTTP] <-- GET /wd/hub/session/414c7d43-cd61-4bed-85f3-6a5c40d1d129/timeouts 404 9 ms - 262
2024-07-30 09:52:24:795 [HTTP] 
2024-07-30 09:52:24:988 [HTTP] --> POST /session
2024-07-30 09:52:24:988 [HTTP] {"capabilities":{"alwaysMatch":{"platformName":"Android","appium:deviceName":"Pixel 6 API 26","appium:platformVersion":"8","appium:orientation":"PORTRAIT","appium:automationName":"UiAutomator2","appium:app":"/Users/oimtrust/Automate/superapp/app/superapp.apk","appium:newCommandTimeout":240,"appium:appPackage":"id.superapp.courier.stg"},"firstMatch":[{}]},"desiredCapabilities":{"platformName":"Android","appium:deviceName":"Pixel 6 API 26","appium:platformVersion":"8","appium:orientation":"PORTRAIT","appium:automationName":"UiAutomator2","appium:app":"/Users/oimtrust/Automate/superapp/app/superapp.apk","appium:newCommandTimeout":240,"appium:appPackage":"id.superapp.courier.stg"}}
2024-07-30 09:52:24:990 [W3C] Calling AppiumDriver.createSession() with args: [{"platformName":"Android","appium:deviceName":"Pixel 6 API 26","appium:platformVersion":"8","appium:orientation":"PORTRAIT","appium:automationName":"UiAutomator2","appium:app":"/Users/oimtrust/Automate/superapp/app/superapp.apk","appium:newCommandTimeout":240,"appium:appPackage":"id.superapp.courier.stg"},null,{"alwaysMatch":{"platformName":"Android","appium:deviceName":"Pixel 6 API 26","appium:platformVersion":"8","appium:orientation":"PORTRAIT","appium:automationName":"UiAutomator2","appium:app":"/Users/oimtrust/Automate/superapp/app/superapp.apk","appium:newCommandTimeout":240,"appium:appPackage":"id.superapp.courier.stg"},"firstMatch":[{}]}]
2024-07-30 09:52:24:993 [BaseDriver] Event 'newSessionRequested' logged at 1722333144990 (16:52:24 GMT+0700 (Western Indonesia Time))
2024-07-30 09:52:25:144 [Appium] Appium v1.22.3 creating new AndroidUiautomator2Driver (v1.75.0) session
2024-07-30 09:52:25:145 [Appium] Applying relaxed security to 'AndroidUiautomator2Driver' as per server command line argument. All insecure features will be enabled unless explicitly disabled by --deny-insecure
2024-07-30 09:52:25:146 [BaseDriver] W3C capabilities and MJSONWP desired capabilities were provided
2024-07-30 09:52:25:146 [BaseDriver] Creating session with W3C capabilities: {
2024-07-30 09:52:25:146 [BaseDriver]   "alwaysMatch": {
2024-07-30 09:52:25:146 [BaseDriver]     "platformName": "Android",
2024-07-30 09:52:25:146 [BaseDriver]     "appium:deviceName": "Pixel 6 API 26",
2024-07-30 09:52:25:146 [BaseDriver]     "appium:platformVersion": "8",
2024-07-30 09:52:25:146 [BaseDriver]     "appium:orientation": "PORTRAIT",
2024-07-30 09:52:25:146 [BaseDriver]     "appium:automationName": "UiAutomator2",
2024-07-30 09:52:25:147 [BaseDriver]     "appium:app": "/Users/oimtrust/Automate/superapp/app/superapp.apk",
2024-07-30 09:52:25:147 [BaseDriver]     "appium:newCommandTimeout": 240,
2024-07-30 09:52:25:147 [BaseDriver]     "appium:appPackage": "id.superapp.courier.stg"
2024-07-30 09:52:25:147 [BaseDriver]   },
2024-07-30 09:52:25:147 [BaseDriver]   "firstMatch": [
2024-07-30 09:52:25:147 [BaseDriver]     {}
2024-07-30 09:52:25:147 [BaseDriver]   ]
2024-07-30 09:52:25:147 [BaseDriver] }
2024-07-30 09:52:25:151 [BaseDriver] Session created with session id: afacdf8f-2195-43f6-b1c7-34384fae0d45
2024-07-30 09:52:25:153 [BaseDriver] Using local app '/Users/oimtrust/Automate/superapp/app/superapp.apk'
2024-07-30 09:52:25:153 [UiAutomator2] Checking whether app is actually present
2024-07-30 09:52:25:179 [ADB] Found 5 'build-tools' folders under '/Users/oimtrust/Library/Android/sdk' (newest first):
2024-07-30 09:52:25:179 [ADB]     /Users/oimtrust/Library/Android/sdk/build-tools/34.0.0
2024-07-30 09:52:25:179 [ADB]     /Users/oimtrust/Library/Android/sdk/build-tools/34.0.0-rc4
2024-07-30 09:52:25:179 [ADB]     /Users/oimtrust/Library/Android/sdk/build-tools/33.0.0
2024-07-30 09:52:25:179 [ADB]     /Users/oimtrust/Library/Android/sdk/build-tools/31.0.0
2024-07-30 09:52:25:179 [ADB]     /Users/oimtrust/Library/Android/sdk/build-tools/30.0.3
2024-07-30 09:52:25:179 [ADB] Using 'adb' from '/Users/oimtrust/Library/Android/sdk/platform-tools/adb'
2024-07-30 09:52:25:180 [ADB] Running '/Users/oimtrust/Library/Android/sdk/platform-tools/adb -P 5037 start-server'
2024-07-30 09:52:25:479 [AndroidDriver] Retrieving device list
2024-07-30 09:52:25:479 [ADB] Trying to find a connected android device
2024-07-30 09:52:25:480 [ADB] Getting connected devices
2024-07-30 09:52:25:495 [ADB] Connected devices: [{"udid":"emulator-5554","state":"device"}]
2024-07-30 09:52:25:495 [AndroidDriver] Looking for a device with Android '8.0.0'
2024-07-30 09:52:25:496 [ADB] Setting device id to emulator-5554
2024-07-30 09:52:25:496 [ADB] Getting device platform version
2024-07-30 09:52:25:496 [ADB] Running '/Users/oimtrust/Library/Android/sdk/platform-tools/adb -P 5037 -s emulator-5554 shell getprop ro.build.version.release'
2024-07-30 09:52:25:546 [ADB] Current device property 'ro.build.version.release': 8.0.0
2024-07-30 09:52:25:546 [AndroidDriver] Using device: emulator-5554
2024-07-30 09:52:25:547 [ADB] Using 'adb' from '/Users/oimtrust/Library/Android/sdk/platform-tools/adb'
2024-07-30 09:52:25:547 [ADB] Running '/Users/oimtrust/Library/Android/sdk/platform-tools/adb -P 5037 start-server'
2024-07-30 09:52:25:563 [ADB] Setting device id to emulator-5554
2024-07-30 09:52:25:563 [ADB] Running '/Users/oimtrust/Library/Android/sdk/platform-tools/adb -P 5037 -s emulator-5554 shell getprop ro.build.version.sdk'
2024-07-30 09:52:25:590 [ADB] Current device property 'ro.build.version.sdk': 26
2024-07-30 09:52:25:590 [ADB] Device API level: 26
2024-07-30 09:52:25:590 [AndroidDriver] Parsing package and activity from app manifest
2024-07-30 09:52:25:650 [ADB] Package name: 'id.superapp.courier.stg'
2024-07-30 09:52:25:650 [ADB] Main activity name: 'id.superapp.courier.MainActivity'
2024-07-30 09:52:25:650 [AndroidDriver] Parsed package and activity are: id.superapp.courier.stg/id.superapp.courier.MainActivity
2024-07-30 09:52:25:651 [ADB] Running '/Users/oimtrust/Library/Android/sdk/platform-tools/adb -P 5037 -s emulator-5554 wait-for-device'
2024-07-30 09:52:25:669 [ADB] Running '/Users/oimtrust/Library/Android/sdk/platform-tools/adb -P 5037 -s emulator-5554 shell echo ping'
2024-07-30 09:52:25:699 [AndroidDriver] Pushing settings apk to device...
2024-07-30 09:52:25:699 [ADB] Getting install status for io.appium.settings
2024-07-30 09:52:25:700 [ADB] Running '/Users/oimtrust/Library/Android/sdk/platform-tools/adb -P 5037 -s emulator-5554 shell dumpsys package io.appium.settings'
2024-07-30 09:52:25:775 [ADB] 'io.appium.settings' is installed
2024-07-30 09:52:25:775 [ADB] Getting package info for 'io.appium.settings'
2024-07-30 09:52:25:775 [ADB] Running '/Users/oimtrust/Library/Android/sdk/platform-tools/adb -P 5037 -s emulator-5554 shell dumpsys package io.appium.settings'
2024-07-30 09:52:25:821 [ADB] The version name of the installed 'io.appium.settings' is greater or equal to the application version name ('3.6.0' >= '3.6.0')
2024-07-30 09:52:25:822 [ADB] There is no need to install/upgrade '/Users/oimtrust/.config/yarn/global/node_modules/io.appium.settings/apks/settings_apk-debug.apk'
2024-07-30 09:52:25:822 [ADB] Getting IDs of all 'io.appium.settings' processes
2024-07-30 09:52:25:822 [ADB] Running '/Users/oimtrust/Library/Android/sdk/platform-tools/adb -P 5037 -s emulator-5554 shell 'pgrep --help; echo $?''
2024-07-30 09:52:25:886 [ADB] Running '/Users/oimtrust/Library/Android/sdk/platform-tools/adb -P 5037 -s emulator-5554 shell 'pgrep ^appium\\.settings$ || pgrep ^io\\.appium\\.setti$''
2024-07-30 09:52:25:955 [AndroidDriver] io.appium.settings is already running. There is no need to reset its permissions.
2024-07-30 09:52:25:956 [Logcat] Starting logs capture with command: /Users/oimtrust/Library/Android/sdk/platform-tools/adb -P 5037 -s emulator-5554 logcat -v threadtime
2024-07-30 09:52:26:007 [UiAutomator2] Forwarding UiAutomator2 Server port 6790 to local port 8200
2024-07-30 09:52:26:008 [ADB] Forwarding system: 8200 to device: 6790
2024-07-30 09:52:26:009 [ADB] Running '/Users/oimtrust/Library/Android/sdk/platform-tools/adb -P 5037 -s emulator-5554 forward tcp:8200 tcp:6790'
2024-07-30 09:52:26:040 [ADB] Getting install status for io.appium.uiautomator2.server
2024-07-30 09:52:26:041 [ADB] Running '/Users/oimtrust/Library/Android/sdk/platform-tools/adb -P 5037 -s emulator-5554 shell dumpsys package io.appium.uiautomator2.server'
2024-07-30 09:52:26:111 [ADB] 'io.appium.uiautomator2.server' is installed
2024-07-30 09:52:26:111 [ADB] Getting package info for 'io.appium.uiautomator2.server'
2024-07-30 09:52:26:111 [ADB] Running '/Users/oimtrust/Library/Android/sdk/platform-tools/adb -P 5037 -s emulator-5554 shell dumpsys package io.appium.uiautomator2.server'
2024-07-30 09:52:26:260 [ADB] The version name of the installed 'io.appium.uiautomator2.server' is greater or equal to the application version name ('4.29.1' >= '4.29.1')
2024-07-30 09:52:26:260 [UiAutomator2] io.appium.uiautomator2.server installation state: sameVersionInstalled
2024-07-30 09:52:26:261 [ADB] Checking app cert for /Users/oimtrust/.config/yarn/global/node_modules/appium-uiautomator2-server/apks/appium-uiautomator2-server-v4.29.1.apk
2024-07-30 09:52:26:285 [ADB] Using 'apksigner.jar' from '/Users/oimtrust/Library/Android/sdk/build-tools/34.0.0/lib/apksigner.jar'
2024-07-30 09:52:26:286 [ADB] Starting apksigner: /Users/oimtrust/Library/Java/JavaVirtualMachines/azul-17/Contents/Home/bin/java -Xmx1024M -Xss1m -jar /Users/oimtrust/Library/Android/sdk/build-tools/34.0.0/lib/apksigner.jar verify --print-certs /Users/oimtrust/.config/yarn/global/node_modules/appium-uiautomator2-server/apks/appium-uiautomator2-server-v4.29.1.apk
2024-07-30 09:52:27:361 [ADB] apksigner stdout: Signer #1 certificate DN: EMAILADDRESS=android@android.com, CN=Android, OU=Android, O=Android, L=Mountain View, ST=California, C=US
2024-07-30 09:52:27:361 [ADB] Signer #1 certificate SHA-256 digest: a40da80a59d170caa950cf15c18c454d47a39b26989d8b640ecd745ba71bf5dc
2024-07-30 09:52:27:361 [ADB] Signer #1 certificate SHA-1 digest: 61ed377e85d386a8dfee6b864bd85b0bfaa5af81
2024-07-30 09:52:27:361 [ADB] Signer #1 certificate MD5 digest: e89b158e4bcf988ebd09eb83f5378e87
2024-07-30 09:52:27:361 [ADB] 
2024-07-30 09:52:27:361 [ADB] sha256 hash did match for 'appium-uiautomator2-server-v4.29.1.apk'
2024-07-30 09:52:27:361 [ADB] '/Users/oimtrust/.config/yarn/global/node_modules/appium-uiautomator2-server/apks/appium-uiautomator2-server-v4.29.1.apk' is signed with the default certificate
2024-07-30 09:52:27:361 [ADB] Getting install status for io.appium.uiautomator2.server.test
2024-07-30 09:52:27:361 [ADB] Running '/Users/oimtrust/Library/Android/sdk/platform-tools/adb -P 5037 -s emulator-5554 shell dumpsys package io.appium.uiautomator2.server.test'
2024-07-30 09:52:27:413 [ADB] 'io.appium.uiautomator2.server.test' is installed
2024-07-30 09:52:27:413 [ADB] Checking app cert for /Users/oimtrust/.config/yarn/global/node_modules/appium-uiautomator2-server/apks/appium-uiautomator2-server-debug-androidTest.apk
2024-07-30 09:52:27:415 [ADB] Starting apksigner: /Users/oimtrust/Library/Java/JavaVirtualMachines/azul-17/Contents/Home/bin/java -Xmx1024M -Xss1m -jar /Users/oimtrust/Library/Android/sdk/build-tools/34.0.0/lib/apksigner.jar verify --print-certs /Users/oimtrust/.config/yarn/global/node_modules/appium-uiautomator2-server/apks/appium-uiautomator2-server-debug-androidTest.apk
2024-07-30 09:52:27:624 [ADB] apksigner stdout: Signer #1 certificate DN: EMAILADDRESS=android@android.com, CN=Android, OU=Android, O=Android, L=Mountain View, ST=California, C=US
2024-07-30 09:52:27:624 [ADB] Signer #1 certificate SHA-256 digest: a40da80a59d170caa950cf15c18c454d47a39b26989d8b640ecd745ba71bf5dc
2024-07-30 09:52:27:624 [ADB] Signer #1 certificate SHA-1 digest: 61ed377e85d386a8dfee6b864bd85b0bfaa5af81
2024-07-30 09:52:27:624 [ADB] Signer #1 certificate MD5 digest: e89b158e4bcf988ebd09eb83f5378e87
2024-07-30 09:52:27:624 [ADB] 
2024-07-30 09:52:27:625 [ADB] sha256 hash did match for 'appium-uiautomator2-server-debug-androidTest.apk'
2024-07-30 09:52:27:625 [ADB] '/Users/oimtrust/.config/yarn/global/node_modules/appium-uiautomator2-server/apks/appium-uiautomator2-server-debug-androidTest.apk' is signed with the default certificate
2024-07-30 09:52:27:625 [UiAutomator2] Server packages are not going to be (re)installed
2024-07-30 09:52:27:626 [UiAutomator2] Waiting up to 30000ms for services to be available
2024-07-30 09:52:27:626 [ADB] Running '/Users/oimtrust/Library/Android/sdk/platform-tools/adb -P 5037 -s emulator-5554 shell pm list instrumentation'
2024-07-30 09:52:27:941 [UiAutomator2] Instrumentation target 'io.appium.uiautomator2.server.test/androidx.test.runner.AndroidJUnitRunner' is available
2024-07-30 09:52:27:944 [ADB] Adding packages ["io.appium.settings","io.appium.uiautomator2.server","io.appium.uiautomator2.server.test"] to Doze whitelist
2024-07-30 09:52:27:944 [ADB] Got the following command chunks to execute: [["dumpsys","deviceidle","whitelist","+io.appium.settings",";","dumpsys","deviceidle","whitelist","+io.appium.uiautomator2.server",";","dumpsys","deviceidle","whitelist","+io.appium.uiautomator2.server.test",";"]]
2024-07-30 09:52:27:944 [ADB] Running '/Users/oimtrust/Library/Android/sdk/platform-tools/adb -P 5037 -s emulator-5554 shell dumpsys deviceidle whitelist +io.appium.settings ; dumpsys deviceidle whitelist +io.appium.uiautomator2.server ; dumpsys deviceidle whitelist +io.appium.uiautomator2.server.test ;'
2024-07-30 09:52:27:989 [ADB] Checking app cert for /Users/oimtrust/Automate/superapp/app/superapp.apk
2024-07-30 09:52:28:042 [ADB] Starting apksigner: /Users/oimtrust/Library/Java/JavaVirtualMachines/azul-17/Contents/Home/bin/java -Xmx1024M -Xss1m -jar /Users/oimtrust/Library/Android/sdk/build-tools/34.0.0/lib/apksigner.jar verify --print-certs /Users/oimtrust/Automate/superapp/app/superapp.apk
2024-07-30 09:52:29:138 [ADB] apksigner stdout: Signer #1 certificate DN: CN=SuperAppDev
2024-07-30 09:52:29:138 [ADB] Signer #1 certificate SHA-256 digest: c7550a215915351621a21598fca48588bd12f56682ee24b630eb4c9769b1016d
2024-07-30 09:52:29:138 [ADB] Signer #1 certificate SHA-1 digest: b9ff4c1c4792998f5991e007918b11c1174c6fb9
2024-07-30 09:52:29:138 [ADB] Signer #1 certificate MD5 digest: 368785d757f5e332ac9b39c7509b8b2a
2024-07-30 09:52:29:138 [ADB] 
2024-07-30 09:52:29:138 [ADB] '/Users/oimtrust/Automate/superapp/app/superapp.apk' is signed with a non-default certificate
2024-07-30 09:52:29:139 [ADB] Getting install status for id.superapp.courier.stg
2024-07-30 09:52:29:139 [ADB] Running '/Users/oimtrust/Library/Android/sdk/platform-tools/adb -P 5037 -s emulator-5554 shell dumpsys package id.superapp.courier.stg'
2024-07-30 09:52:29:178 [ADB] 'id.superapp.courier.stg' is installed
2024-07-30 09:52:29:178 [ADB] Getting package info for 'id.superapp.courier.stg'
2024-07-30 09:52:29:178 [ADB] Running '/Users/oimtrust/Library/Android/sdk/platform-tools/adb -P 5037 -s emulator-5554 shell dumpsys package id.superapp.courier.stg'
2024-07-30 09:52:29:216 [ADB] The version name of the installed 'id.superapp.courier.stg' is greater or equal to the application version name ('2.1.8' >= '2.1.8')
2024-07-30 09:52:29:216 [ADB] There is no need to install/upgrade '/Users/oimtrust/Automate/superapp/app/superapp.apk'
2024-07-30 09:52:29:216 [AndroidDriver] Performing fast reset on 'id.superapp.courier.stg'
2024-07-30 09:52:29:216 [ADB] Getting install status for id.superapp.courier.stg
2024-07-30 09:52:29:216 [ADB] Running '/Users/oimtrust/Library/Android/sdk/platform-tools/adb -P 5037 -s emulator-5554 shell dumpsys package id.superapp.courier.stg'
2024-07-30 09:52:29:247 [ADB] 'id.superapp.courier.stg' is installed
2024-07-30 09:52:29:247 [ADB] Running '/Users/oimtrust/Library/Android/sdk/platform-tools/adb -P 5037 -s emulator-5554 shell am force-stop id.superapp.courier.stg'
2024-07-30 09:52:29:277 [ADB] Running '/Users/oimtrust/Library/Android/sdk/platform-tools/adb -P 5037 -s emulator-5554 shell pm clear id.superapp.courier.stg'
2024-07-30 09:52:29:499 [AndroidDriver] Performed fast reset on the installed 'id.superapp.courier.stg' application (stop and clear)
2024-07-30 09:52:29:500 [UiAutomator2] Performing shallow cleanup of automation leftovers
2024-07-30 09:52:29:520 [UiAutomator2] No obsolete sessions have been detected (socket hang up)
2024-07-30 09:52:29:520 [ADB] Running '/Users/oimtrust/Library/Android/sdk/platform-tools/adb -P 5037 -s emulator-5554 shell am force-stop io.appium.uiautomator2.server.test'
2024-07-30 09:52:29:561 [UiAutomator2] Starting UIAutomator2 server 4.29.1
2024-07-30 09:52:29:561 [UiAutomator2] Using UIAutomator2 server from '/Users/oimtrust/.config/yarn/global/node_modules/appium-uiautomator2-server/apks/appium-uiautomator2-server-v4.29.1.apk' and test from '/Users/oimtrust/.config/yarn/global/node_modules/appium-uiautomator2-server/apks/appium-uiautomator2-server-debug-androidTest.apk'
2024-07-30 09:52:29:561 [UiAutomator2] Waiting up to 30000ms for UiAutomator2 to be online...
2024-07-30 09:52:29:562 [ADB] Creating ADB subprocess with args: ["-P",5037,"-s","emulator-5554","shell","am","instrument","-w","-e","disableAnalytics",true,"io.appium.uiautomator2.server.test/androidx.test.runner.AndroidJUnitRunner"]
2024-07-30 09:52:29:568 [WD Proxy] Matched '/status' to command name 'getStatus'
2024-07-30 09:52:29:569 [WD Proxy] Proxying [GET /status] to [GET http://127.0.0.1:8200/wd/hub/status] with no body
2024-07-30 09:52:29:572 [WD Proxy] socket hang up
2024-07-30 09:52:29:779 [HTTP] --> GET /wd/hub/session/414c7d43-cd61-4bed-85f3-6a5c40d1d129/timeouts
2024-07-30 09:52:29:779 [HTTP] {}
2024-07-30 09:52:29:788 [HTTP] No route found for /wd/hub/session/414c7d43-cd61-4bed-85f3-6a5c40d1d129/timeouts
2024-07-30 09:52:29:789 [HTTP] <-- GET /wd/hub/session/414c7d43-cd61-4bed-85f3-6a5c40d1d129/timeouts 404 10 ms - 262
2024-07-30 09:52:29:789 [HTTP] 
2024-07-30 09:52:30:047 [Instrumentation] io.appium.uiautomator2.server.test.AppiumUiAutomator2Server:
2024-07-30 09:52:30:575 [WD Proxy] Matched '/status' to command name 'getStatus'
2024-07-30 09:52:30:576 [WD Proxy] Proxying [GET /status] to [GET http://127.0.0.1:8200/wd/hub/status] with no body
2024-07-30 09:52:30:582 [WD Proxy] socket hang up
2024-07-30 09:52:31:585 [WD Proxy] Matched '/status' to command name 'getStatus'
2024-07-30 09:52:31:586 [WD Proxy] Proxying [GET /status] to [GET http://127.0.0.1:8200/wd/hub/status] with no body
2024-07-30 09:52:31:651 [WD Proxy] Got response with status 200: {"sessionId":"None","value":{"message":"UiAutomator2 Server is ready to accept commands","ready":true}}
2024-07-30 09:52:31:651 [UiAutomator2] The initialization of the instrumentation process took 2090ms
2024-07-30 09:52:31:651 [WD Proxy] Matched '/session' to command name 'createSession'
2024-07-30 09:52:31:652 [WD Proxy] Proxying [POST /session] to [POST http://127.0.0.1:8200/wd/hub/session] with body: {"capabilities":{"firstMatch":[{"platform":"LINUX","webStorageEnabled":false,"takesScreenshot":true,"javascriptEnabled":true,"databaseEnabled":false,"networkConnectionEnabled":true,"locationContextEnabled":false,"warnings":{},"desired":{"platformName":"Android","deviceName":"Pixel 6 API 26","platformVersion":"8","orientation":"PORTRAIT","automationName":"UiAutomator2","app":"/Users/oimtrust/Automate/superapp/app/superapp.apk","newCommandTimeout":240,"appPackage":"id.superapp.courier.stg"},"platformName":"Android","deviceName":"emulator-5554","platformVersion":"8","orientation":"PORTRAIT","automationName":"UiAutomator2","app":"/Users/oimtrust/Automate/superapp/app/superapp.apk","newCommandTimeout":240,"appPackage":"id.superapp.courier.stg","deviceUDID":"emulator-5554"}],"alwaysMatch":{}}}
2024-07-30 09:52:31:669 [WD Proxy] Got response with status 200: {"sessionId":"db201f5c-7940-497a-a16c-c6c30ca7a5cb","value":{"capabilities":{"firstMatch":[{"platform":"LINUX","webStorageEnabled":false,"takesScreenshot":true,"javascriptEnabled":true,"databaseEnabled":false,"networkConnectionEnabled":true,"locationContextEnabled":false,"warnings":{},"desired":{"platformName":"Android","deviceName":"Pixel 6 API 26","platformVersion":"8","orientation":"PORTRAIT","automationName":"UiAutomator2","app":"/Users/oimtrust/Automate/superapp/app/superapp.apk","newCommandTimeout":240,"appPackage":"id.superapp.courier.stg"},"platformName":"Android","deviceName":"emulator-5554","platformVersion":"8","orientation":"PORTRAIT","automationName":"UiAutomator2","app":"/Users/oimtrust/Automate/superapp/app/superapp.apk","newCommandTimeout":240,"appPackage":"id.superapp.courier.stg","deviceUDID":"emulator-5554"}],"alwaysMatch":{}},"sessionId":"db201f5c-7940-497a-a16c-c6c30ca7a5cb"}}
2024-07-30 09:52:31:670 [WD Proxy] Determined the downstream protocol as 'W3C'
2024-07-30 09:52:31:680 [WD Proxy] Proxying [GET /appium/device/info] to [GET http://127.0.0.1:8200/wd/hub/session/db201f5c-7940-497a-a16c-c6c30ca7a5cb/appium/device/info] with no body
2024-07-30 09:52:31:726 [WD Proxy] Got response with status 200: {"sessionId":"db201f5c-7940-497a-a16c-c6c30ca7a5cb","value":{"androidId":"3810417df3d1c085","apiVersion":"26","bluetooth":null,"brand":"google","carrierName":"Android","displayDensity":420,"locale":"en_US","manufacturer":"Google","model":"Android SDK built for arm64","networks":[{"capabilities":{"SSID":null,"linkDownBandwidthKbps":102400,"linkUpstreamBandwidthKbps":51200,"networkCapabilities":"NET_CAPABILITY_MMS,NET_CAPABILITY_SUPL,NET_CAPABILITY_FOTA,NET_CAPABILITY_IMS,NET_CAPABILITY_CBS,NET_CAPABILITY_IA,NET_CAPABILITY_INTERNET,NET_CAPABILITY_NOT_RESTRICTED,NET_CAPABILITY_TRUSTED,NET_CAPABILITY_NOT_VPN,NET_CAPABILITY_VALIDATED","signalStrength":-2147483648,"transportTypes":"TRANSPORT_CELLULAR"},"detailedState":"CONNECTED","extraInfo":"epc.tmobile.com","isAvailable":true,"isConnected":true,"isFailover":false,"isRoaming":false,"state":"CONNECTED","subtype":13,"subtypeName":"LTE","type":0,"typeName":"MOBILE"},{"capabilities":{"SSID":null,"linkDownBandwidthKbps":1048576,"linkUpstreamBandwidthKbps":1048576,"n...
2024-07-30 09:52:31:731 [ADB] Running '/Users/oimtrust/Library/Android/sdk/platform-tools/adb -P 5037 -s emulator-5554 shell dumpsys window'
2024-07-30 09:52:31:767 [AndroidDriver] Screen already unlocked, doing nothing
2024-07-30 09:52:31:768 [UiAutomator2] Starting 'id.superapp.courier.stg/id.superapp.courier.MainActivity and waiting for 'id.superapp.courier.stg/id.superapp.courier.MainActivity'
2024-07-30 09:52:31:768 [ADB] Running '/Users/oimtrust/Library/Android/sdk/platform-tools/adb -P 5037 -s emulator-5554 shell am start -W -n id.superapp.courier.stg/id.superapp.courier.MainActivity -S -a android.intent.action.MAIN -c android.intent.category.LAUNCHER -f 0x10200000'
2024-07-30 09:52:33:267 [ADB] Waiting up to 20000ms for activity matching pkg: 'id.superapp.courier.stg' and activity: 'id.superapp.courier.MainActivity' to be focused
2024-07-30 09:52:33:268 [ADB] Possible activities, to be checked: 'id.superapp.courier.MainActivity', 'id.superapp.courier.stg.id.superapp.courier.MainActivity'
2024-07-30 09:52:33:269 [ADB] Getting focused package and activity
2024-07-30 09:52:33:270 [ADB] Running '/Users/oimtrust/Library/Android/sdk/platform-tools/adb -P 5037 -s emulator-5554 shell dumpsys window windows'
2024-07-30 09:52:33:319 [ADB] Found package: 'id.superapp.courier.stg' and fully qualified activity name : 'id.superapp.courier.MainActivity'
2024-07-30 09:52:33:320 [UiAutomator2] Setting initial orientation to 'PORTRAIT'
2024-07-30 09:52:33:321 [WD Proxy] Matched '/orientation' to command name 'setOrientation'
2024-07-30 09:52:33:322 [WD Proxy] Proxying [POST /orientation] to [POST http://127.0.0.1:8200/wd/hub/session/db201f5c-7940-497a-a16c-c6c30ca7a5cb/orientation] with body: {"orientation":"PORTRAIT"}
2024-07-30 09:52:34:359 [WD Proxy] Got response with status 200: {"sessionId":"db201f5c-7940-497a-a16c-c6c30ca7a5cb","value":"PORTRAIT"}
2024-07-30 09:52:34:361 [WD Proxy] Proxying [GET /appium/device/pixel_ratio] to [GET http://127.0.0.1:8200/wd/hub/session/db201f5c-7940-497a-a16c-c6c30ca7a5cb/appium/device/pixel_ratio] with no body
2024-07-30 09:52:34:371 [WD Proxy] Got response with status 200: {"sessionId":"db201f5c-7940-497a-a16c-c6c30ca7a5cb","value":2.625}
2024-07-30 09:52:34:372 [WD Proxy] Matched '/appium/device/system_bars' to command name 'getSystemBars'
2024-07-30 09:52:34:372 [WD Proxy] Proxying [GET /appium/device/system_bars] to [GET http://127.0.0.1:8200/wd/hub/session/db201f5c-7940-497a-a16c-c6c30ca7a5cb/appium/device/system_bars] with no body
2024-07-30 09:52:34:385 [WD Proxy] Got response with status 200: {"sessionId":"db201f5c-7940-497a-a16c-c6c30ca7a5cb","value":{"statusBar":63}}
2024-07-30 09:52:34:386 [WD Proxy] Matched '/window/current/size' to command name 'getWindowSize'
2024-07-30 09:52:34:386 [WD Proxy] Proxying [GET /window/current/size] to [GET http://127.0.0.1:8200/wd/hub/session/db201f5c-7940-497a-a16c-c6c30ca7a5cb/window/current/size] with no body
2024-07-30 09:52:34:397 [WD Proxy] Got response with status 200: {"sessionId":"db201f5c-7940-497a-a16c-c6c30ca7a5cb","value":{"height":2274,"width":1080}}
2024-07-30 09:52:34:398 [Appium] New AndroidUiautomator2Driver session created successfully, session afacdf8f-2195-43f6-b1c7-34384fae0d45 added to master session list
2024-07-30 09:52:34:399 [BaseDriver] Event 'newSessionStarted' logged at 1722333154399 (16:52:34 GMT+0700 (Western Indonesia Time))
2024-07-30 09:52:34:399 [W3C (afacdf8f)] Cached the protocol value 'W3C' for the new session afacdf8f-2195-43f6-b1c7-34384fae0d45
2024-07-30 09:52:34:401 [W3C (afacdf8f)] Responding to client with driver.createSession() result: {"capabilities":{"platform":"LINUX","webStorageEnabled":false,"takesScreenshot":true,"javascriptEnabled":true,"databaseEnabled":false,"networkConnectionEnabled":true,"locationContextEnabled":false,"warnings":{},"desired":{"platformName":"Android","deviceName":"Pixel 6 API 26","platformVersion":"8","orientation":"PORTRAIT","automationName":"UiAutomator2","app":"/Users/oimtrust/Automate/superapp/app/superapp.apk","newCommandTimeout":240,"appPackage":"id.superapp.courier.stg"},"platformName":"Android","deviceName":"emulator-5554","platformVersion":"8.0.0","orientation":"PORTRAIT","automationName":"UiAutomator2","app":"/Users/oimtrust/Automate/superapp/app/superapp.apk","newCommandTimeout":240,"appPackage":"id.superapp.courier.stg","deviceUDID":"emulator-5554","deviceApiLevel":26,"deviceScreenSize":"1080x2400","deviceScreenDensity":420,"deviceModel":"Android SDK built for arm64","deviceManufacturer":"Google","pixelRatio":2.625,"statBarHeight":63,"viewportRect":{"left":0,"top":63,"width":1080,"height":2211}}}
2024-07-30 09:52:34:402 [HTTP] <-- POST /session 200 9413 ms - 1080
2024-07-30 09:52:34:402 [HTTP] 
2024-07-30 09:52:34:437 [HTTP] --> POST /session/afacdf8f-2195-43f6-b1c7-34384fae0d45/element
2024-07-30 09:52:34:437 [HTTP] {"using":"xpath","value":"//android.view.View[@content-desc=\"Halo, Selamat Datang! 👋\"]"}
2024-07-30 09:52:34:438 [W3C (afacdf8f)] Calling AppiumDriver.findElement() with args: ["xpath","//android.view.View[@content-desc=\"Halo, Selamat Datang! 👋\"]","afacdf8f-2195-43f6-b1c7-34384fae0d45"]
2024-07-30 09:52:34:439 [BaseDriver] Valid locator strategies for this request: xpath, id, class name, accessibility id, css selector, -android uiautomator
2024-07-30 09:52:34:439 [BaseDriver] Waiting up to 0 ms for condition
2024-07-30 09:52:34:439 [WD Proxy] Matched '/element' to command name 'findElement'
2024-07-30 09:52:34:439 [WD Proxy] Proxying [POST /element] to [POST http://127.0.0.1:8200/wd/hub/session/db201f5c-7940-497a-a16c-c6c30ca7a5cb/element] with body: {"strategy":"xpath","selector":"//android.view.View[@content-desc=\"Halo, Selamat Datang! 👋\"]","context":"","multiple":false}
2024-07-30 09:52:34:747 [WD Proxy] Got response with status 404: {"sessionId":"db201f5c-7940-497a-a16c-c6c30ca7a5cb","value":{"error":"no such element","message":"An element could not be located on the page using the given search parameters","stacktrace":"io.appium.uiautomator2.common.exceptions.ElementNotFoundException: An element could not be located on the page using the given search parameters\n\tat io.appium.uiautomator2.handler.FindElement.findElement(FindElement.java:90)\n\tat io.appium.uiautomator2.handler.FindElement.safeHandle(FindElement.java:67)\n\tat io.appium.uiautomator2.handler.request.SafeRequestHandler.handle(SafeRequestHandler.java:59)\n\tat io.appium.uiautomator2.server.AppiumServlet.handleRequest(AppiumServlet.java:267)\n\tat io.appium.uiautomator2.server.AppiumServlet.handleHttpRequest(AppiumServlet.java:261)\n\tat io.appium.uiautomator2.http.ServerHandler.channelRead(ServerHandler.java:68)\n\tat io.netty.channel.AbstractChannelHandlerContext.invokeChannelRead(AbstractChannelHandlerContext.java:366)\n\tat io.netty.channel.AbstractChannelHandlerCont...
2024-07-30 09:52:34:752 [W3C] Matched W3C error code 'no such element' to NoSuchElementError
2024-07-30 09:52:34:778 [W3C (afacdf8f)] Encountered internal error running command: NoSuchElementError: An element could not be located on the page using the given search parameters.
2024-07-30 09:52:34:778 [W3C (afacdf8f)]     at AndroidUiautomator2Driver.findElOrEls (/Users/oimtrust/.config/yarn/global/node_modules/appium-android-driver/lib/commands/find.js:75:11)
2024-07-30 09:52:34:778 [W3C (afacdf8f)]     at processTicksAndRejections (node:internal/process/task_queues:96:5)
2024-07-30 09:52:34:778 [W3C (afacdf8f)]     at AndroidUiautomator2Driver.findElOrElsWithProcessing (/Users/oimtrust/.config/yarn/global/node_modules/appium-base-driver/lib/basedriver/commands/find.js:33:12)
2024-07-30 09:52:34:778 [W3C (afacdf8f)]     at AndroidUiautomator2Driver.findElement (/Users/oimtrust/.config/yarn/global/node_modules/appium-base-driver/lib/basedriver/commands/find.js:53:10)
2024-07-30 09:52:34:779 [HTTP] <-- POST /session/afacdf8f-2195-43f6-b1c7-34384fae0d45/element 404 342 ms - 785
2024-07-30 09:52:34:779 [HTTP] 
2024-07-30 09:52:34:780 [HTTP] --> GET /wd/hub/session/414c7d43-cd61-4bed-85f3-6a5c40d1d129/timeouts
2024-07-30 09:52:34:780 [HTTP] {}
2024-07-30 09:52:34:780 [HTTP] No route found for /wd/hub/session/414c7d43-cd61-4bed-85f3-6a5c40d1d129/timeouts
2024-07-30 09:52:34:781 [HTTP] <-- GET /wd/hub/session/414c7d43-cd61-4bed-85f3-6a5c40d1d129/timeouts 404 1 ms - 262
2024-07-30 09:52:34:781 [HTTP] 
2024-07-30 09:52:34:793 [HTTP] --> POST /session/afacdf8f-2195-43f6-b1c7-34384fae0d45/element
2024-07-30 09:52:34:794 [HTTP] {"using":"xpath","value":"//android.view.View[@content-desc=\"Halo, Selamat Datang! 👋\"]"}
2024-07-30 09:52:34:795 [W3C (afacdf8f)] Calling AppiumDriver.findElement() with args: ["xpath","//android.view.View[@content-desc=\"Halo, Selamat Datang! 👋\"]","afacdf8f-2195-43f6-b1c7-34384fae0d45"]
2024-07-30 09:52:34:795 [BaseDriver] Valid locator strategies for this request: xpath, id, class name, accessibility id, css selector, -android uiautomator
2024-07-30 09:52:34:795 [BaseDriver] Waiting up to 0 ms for condition
2024-07-30 09:52:34:795 [WD Proxy] Matched '/element' to command name 'findElement'
2024-07-30 09:52:34:796 [WD Proxy] Proxying [POST /element] to [POST http://127.0.0.1:8200/wd/hub/session/db201f5c-7940-497a-a16c-c6c30ca7a5cb/element] with body: {"strategy":"xpath","selector":"//android.view.View[@content-desc=\"Halo, Selamat Datang! 👋\"]","context":"","multiple":false}
2024-07-30 09:52:34:838 [WD Proxy] Got response with status 404: {"sessionId":"db201f5c-7940-497a-a16c-c6c30ca7a5cb","value":{"error":"no such element","message":"An element could not be located on the page using the given search parameters","stacktrace":"io.appium.uiautomator2.common.exceptions.ElementNotFoundException: An element could not be located on the page using the given search parameters\n\tat io.appium.uiautomator2.handler.FindElement.findElement(FindElement.java:90)\n\tat io.appium.uiautomator2.handler.FindElement.safeHandle(FindElement.java:67)\n\tat io.appium.uiautomator2.handler.request.SafeRequestHandler.handle(SafeRequestHandler.java:59)\n\tat io.appium.uiautomator2.server.AppiumServlet.handleRequest(AppiumServlet.java:267)\n\tat io.appium.uiautomator2.server.AppiumServlet.handleHttpRequest(AppiumServlet.java:261)\n\tat io.appium.uiautomator2.http.ServerHandler.channelRead(ServerHandler.java:68)\n\tat io.netty.channel.AbstractChannelHandlerContext.invokeChannelRead(AbstractChannelHandlerContext.java:366)\n\tat io.netty.channel.AbstractChannelHandlerCont...
2024-07-30 09:52:34:838 [W3C] Matched W3C error code 'no such element' to NoSuchElementError
2024-07-30 09:52:34:838 [W3C (afacdf8f)] Encountered internal error running command: NoSuchElementError: An element could not be located on the page using the given search parameters.
2024-07-30 09:52:34:838 [W3C (afacdf8f)]     at AndroidUiautomator2Driver.findElOrEls (/Users/oimtrust/.config/yarn/global/node_modules/appium-android-driver/lib/commands/find.js:75:11)
2024-07-30 09:52:34:838 [W3C (afacdf8f)]     at processTicksAndRejections (node:internal/process/task_queues:96:5)
2024-07-30 09:52:34:838 [W3C (afacdf8f)]     at AndroidUiautomator2Driver.findElOrElsWithProcessing (/Users/oimtrust/.config/yarn/global/node_modules/appium-base-driver/lib/basedriver/commands/find.js:33:12)
2024-07-30 09:52:34:838 [W3C (afacdf8f)]     at AndroidUiautomator2Driver.findElement (/Users/oimtrust/.config/yarn/global/node_modules/appium-base-driver/lib/basedriver/commands/find.js:53:10)
2024-07-30 09:52:34:839 [HTTP] <-- POST /session/afacdf8f-2195-43f6-b1c7-34384fae0d45/element 404 45 ms - 785
2024-07-30 09:52:34:839 [HTTP] 
2024-07-30 09:52:35:351 [HTTP] --> POST /session/afacdf8f-2195-43f6-b1c7-34384fae0d45/element
2024-07-30 09:52:35:351 [HTTP] {"using":"xpath","value":"//android.view.View[@content-desc=\"Halo, Selamat Datang! 👋\"]"}
2024-07-30 09:52:35:352 [W3C (afacdf8f)] Calling AppiumDriver.findElement() with args: ["xpath","//android.view.View[@content-desc=\"Halo, Selamat Datang! 👋\"]","afacdf8f-2195-43f6-b1c7-34384fae0d45"]
2024-07-30 09:52:35:352 [BaseDriver] Valid locator strategies for this request: xpath, id, class name, accessibility id, css selector, -android uiautomator
2024-07-30 09:52:35:352 [BaseDriver] Waiting up to 0 ms for condition
2024-07-30 09:52:35:353 [WD Proxy] Matched '/element' to command name 'findElement'
2024-07-30 09:52:35:353 [WD Proxy] Proxying [POST /element] to [POST http://127.0.0.1:8200/wd/hub/session/db201f5c-7940-497a-a16c-c6c30ca7a5cb/element] with body: {"strategy":"xpath","selector":"//android.view.View[@content-desc=\"Halo, Selamat Datang! 👋\"]","context":"","multiple":false}
2024-07-30 09:52:35:402 [WD Proxy] Got response with status 404: {"sessionId":"db201f5c-7940-497a-a16c-c6c30ca7a5cb","value":{"error":"no such element","message":"An element could not be located on the page using the given search parameters","stacktrace":"io.appium.uiautomator2.common.exceptions.ElementNotFoundException: An element could not be located on the page using the given search parameters\n\tat io.appium.uiautomator2.handler.FindElement.findElement(FindElement.java:90)\n\tat io.appium.uiautomator2.handler.FindElement.safeHandle(FindElement.java:67)\n\tat io.appium.uiautomator2.handler.request.SafeRequestHandler.handle(SafeRequestHandler.java:59)\n\tat io.appium.uiautomator2.server.AppiumServlet.handleRequest(AppiumServlet.java:267)\n\tat io.appium.uiautomator2.server.AppiumServlet.handleHttpRequest(AppiumServlet.java:261)\n\tat io.appium.uiautomator2.http.ServerHandler.channelRead(ServerHandler.java:68)\n\tat io.netty.channel.AbstractChannelHandlerContext.invokeChannelRead(AbstractChannelHandlerContext.java:366)\n\tat io.netty.channel.AbstractChannelHandlerCont...
2024-07-30 09:52:35:403 [W3C] Matched W3C error code 'no such element' to NoSuchElementError
2024-07-30 09:52:35:404 [W3C (afacdf8f)] Encountered internal error running command: NoSuchElementError: An element could not be located on the page using the given search parameters.
2024-07-30 09:52:35:404 [W3C (afacdf8f)]     at AndroidUiautomator2Driver.findElOrEls (/Users/oimtrust/.config/yarn/global/node_modules/appium-android-driver/lib/commands/find.js:75:11)
2024-07-30 09:52:35:404 [W3C (afacdf8f)]     at processTicksAndRejections (node:internal/process/task_queues:96:5)
2024-07-30 09:52:35:404 [W3C (afacdf8f)]     at AndroidUiautomator2Driver.findElOrElsWithProcessing (/Users/oimtrust/.config/yarn/global/node_modules/appium-base-driver/lib/basedriver/commands/find.js:33:12)
2024-07-30 09:52:35:404 [W3C (afacdf8f)]     at AndroidUiautomator2Driver.findElement (/Users/oimtrust/.config/yarn/global/node_modules/appium-base-driver/lib/basedriver/commands/find.js:53:10)
2024-07-30 09:52:35:404 [HTTP] <-- POST /session/afacdf8f-2195-43f6-b1c7-34384fae0d45/element 404 53 ms - 785
2024-07-30 09:52:35:404 [HTTP] 
2024-07-30 09:52:35:917 [HTTP] --> POST /session/afacdf8f-2195-43f6-b1c7-34384fae0d45/element
2024-07-30 09:52:35:918 [HTTP] {"using":"xpath","value":"//android.view.View[@content-desc=\"Halo, Selamat Datang! 👋\"]"}
2024-07-30 09:52:35:918 [W3C (afacdf8f)] Calling AppiumDriver.findElement() with args: ["xpath","//android.view.View[@content-desc=\"Halo, Selamat Datang! 👋\"]","afacdf8f-2195-43f6-b1c7-34384fae0d45"]
2024-07-30 09:52:35:919 [BaseDriver] Valid locator strategies for this request: xpath, id, class name, accessibility id, css selector, -android uiautomator
2024-07-30 09:52:35:919 [BaseDriver] Waiting up to 0 ms for condition
2024-07-30 09:52:35:920 [WD Proxy] Matched '/element' to command name 'findElement'
2024-07-30 09:52:35:920 [WD Proxy] Proxying [POST /element] to [POST http://127.0.0.1:8200/wd/hub/session/db201f5c-7940-497a-a16c-c6c30ca7a5cb/element] with body: {"strategy":"xpath","selector":"//android.view.View[@content-desc=\"Halo, Selamat Datang! 👋\"]","context":"","multiple":false}
2024-07-30 09:52:35:971 [WD Proxy] Got response with status 404: {"sessionId":"db201f5c-7940-497a-a16c-c6c30ca7a5cb","value":{"error":"no such element","message":"An element could not be located on the page using the given search parameters","stacktrace":"io.appium.uiautomator2.common.exceptions.ElementNotFoundException: An element could not be located on the page using the given search parameters\n\tat io.appium.uiautomator2.handler.FindElement.findElement(FindElement.java:90)\n\tat io.appium.uiautomator2.handler.FindElement.safeHandle(FindElement.java:67)\n\tat io.appium.uiautomator2.handler.request.SafeRequestHandler.handle(SafeRequestHandler.java:59)\n\tat io.appium.uiautomator2.server.AppiumServlet.handleRequest(AppiumServlet.java:267)\n\tat io.appium.uiautomator2.server.AppiumServlet.handleHttpRequest(AppiumServlet.java:261)\n\tat io.appium.uiautomator2.http.ServerHandler.channelRead(ServerHandler.java:68)\n\tat io.netty.channel.AbstractChannelHandlerContext.invokeChannelRead(AbstractChannelHandlerContext.java:366)\n\tat io.netty.channel.AbstractChannelHandlerCont...
2024-07-30 09:52:35:971 [W3C] Matched W3C error code 'no such element' to NoSuchElementError
2024-07-30 09:52:35:972 [W3C (afacdf8f)] Encountered internal error running command: NoSuchElementError: An element could not be located on the page using the given search parameters.
2024-07-30 09:52:35:972 [W3C (afacdf8f)]     at AndroidUiautomator2Driver.findElOrEls (/Users/oimtrust/.config/yarn/global/node_modules/appium-android-driver/lib/commands/find.js:75:11)
2024-07-30 09:52:35:972 [W3C (afacdf8f)]     at processTicksAndRejections (node:internal/process/task_queues:96:5)
2024-07-30 09:52:35:972 [W3C (afacdf8f)]     at AndroidUiautomator2Driver.findElOrElsWithProcessing (/Users/oimtrust/.config/yarn/global/node_modules/appium-base-driver/lib/basedriver/commands/find.js:33:12)
2024-07-30 09:52:35:972 [W3C (afacdf8f)]     at AndroidUiautomator2Driver.findElement (/Users/oimtrust/.config/yarn/global/node_modules/appium-base-driver/lib/basedriver/commands/find.js:53:10)
2024-07-30 09:52:35:973 [HTTP] <-- POST /session/afacdf8f-2195-43f6-b1c7-34384fae0d45/element 404 55 ms - 785
2024-07-30 09:52:35:973 [HTTP] 
2024-07-30 09:52:36:488 [HTTP] --> POST /session/afacdf8f-2195-43f6-b1c7-34384fae0d45/element
2024-07-30 09:52:36:488 [HTTP] {"using":"xpath","value":"//android.view.View[@content-desc=\"Halo, Selamat Datang! 👋\"]"}
2024-07-30 09:52:36:489 [W3C (afacdf8f)] Calling AppiumDriver.findElement() with args: ["xpath","//android.view.View[@content-desc=\"Halo, Selamat Datang! 👋\"]","afacdf8f-2195-43f6-b1c7-34384fae0d45"]
2024-07-30 09:52:36:490 [BaseDriver] Valid locator strategies for this request: xpath, id, class name, accessibility id, css selector, -android uiautomator
2024-07-30 09:52:36:490 [BaseDriver] Waiting up to 0 ms for condition
2024-07-30 09:52:36:493 [WD Proxy] Matched '/element' to command name 'findElement'
2024-07-30 09:52:36:493 [WD Proxy] Proxying [POST /element] to [POST http://127.0.0.1:8200/wd/hub/session/db201f5c-7940-497a-a16c-c6c30ca7a5cb/element] with body: {"strategy":"xpath","selector":"//android.view.View[@content-desc=\"Halo, Selamat Datang! 👋\"]","context":"","multiple":false}
2024-07-30 09:52:36:547 [WD Proxy] Got response with status 404: {"sessionId":"db201f5c-7940-497a-a16c-c6c30ca7a5cb","value":{"error":"no such element","message":"An element could not be located on the page using the given search parameters","stacktrace":"io.appium.uiautomator2.common.exceptions.ElementNotFoundException: An element could not be located on the page using the given search parameters\n\tat io.appium.uiautomator2.handler.FindElement.findElement(FindElement.java:90)\n\tat io.appium.uiautomator2.handler.FindElement.safeHandle(FindElement.java:67)\n\tat io.appium.uiautomator2.handler.request.SafeRequestHandler.handle(SafeRequestHandler.java:59)\n\tat io.appium.uiautomator2.server.AppiumServlet.handleRequest(AppiumServlet.java:267)\n\tat io.appium.uiautomator2.server.AppiumServlet.handleHttpRequest(AppiumServlet.java:261)\n\tat io.appium.uiautomator2.http.ServerHandler.channelRead(ServerHandler.java:68)\n\tat io.netty.channel.AbstractChannelHandlerContext.invokeChannelRead(AbstractChannelHandlerContext.java:366)\n\tat io.netty.channel.AbstractChannelHandlerCont...
2024-07-30 09:52:36:548 [W3C] Matched W3C error code 'no such element' to NoSuchElementError
2024-07-30 09:52:36:549 [W3C (afacdf8f)] Encountered internal error running command: NoSuchElementError: An element could not be located on the page using the given search parameters.
2024-07-30 09:52:36:549 [W3C (afacdf8f)]     at AndroidUiautomator2Driver.findElOrEls (/Users/oimtrust/.config/yarn/global/node_modules/appium-android-driver/lib/commands/find.js:75:11)
2024-07-30 09:52:36:549 [W3C (afacdf8f)]     at processTicksAndRejections (node:internal/process/task_queues:96:5)
2024-07-30 09:52:36:549 [W3C (afacdf8f)]     at AndroidUiautomator2Driver.findElOrElsWithProcessing (/Users/oimtrust/.config/yarn/global/node_modules/appium-base-driver/lib/basedriver/commands/find.js:33:12)
2024-07-30 09:52:36:549 [W3C (afacdf8f)]     at AndroidUiautomator2Driver.findElement (/Users/oimtrust/.config/yarn/global/node_modules/appium-base-driver/lib/basedriver/commands/find.js:53:10)
2024-07-30 09:52:36:549 [HTTP] <-- POST /session/afacdf8f-2195-43f6-b1c7-34384fae0d45/element 404 62 ms - 785
2024-07-30 09:52:36:550 [HTTP] 
2024-07-30 09:52:37:059 [HTTP] --> POST /session/afacdf8f-2195-43f6-b1c7-34384fae0d45/element
2024-07-30 09:52:37:059 [HTTP] {"using":"xpath","value":"//android.view.View[@content-desc=\"Halo, Selamat Datang! 👋\"]"}
2024-07-30 09:52:37:060 [W3C (afacdf8f)] Calling AppiumDriver.findElement() with args: ["xpath","//android.view.View[@content-desc=\"Halo, Selamat Datang! 👋\"]","afacdf8f-2195-43f6-b1c7-34384fae0d45"]
2024-07-30 09:52:37:060 [BaseDriver] Valid locator strategies for this request: xpath, id, class name, accessibility id, css selector, -android uiautomator
2024-07-30 09:52:37:060 [BaseDriver] Waiting up to 0 ms for condition
2024-07-30 09:52:37:064 [WD Proxy] Matched '/element' to command name 'findElement'
2024-07-30 09:52:37:064 [WD Proxy] Proxying [POST /element] to [POST http://127.0.0.1:8200/wd/hub/session/db201f5c-7940-497a-a16c-c6c30ca7a5cb/element] with body: {"strategy":"xpath","selector":"//android.view.View[@content-desc=\"Halo, Selamat Datang! 👋\"]","context":"","multiple":false}
2024-07-30 09:52:37:108 [WD Proxy] Got response with status 404: {"sessionId":"db201f5c-7940-497a-a16c-c6c30ca7a5cb","value":{"error":"no such element","message":"An element could not be located on the page using the given search parameters","stacktrace":"io.appium.uiautomator2.common.exceptions.ElementNotFoundException: An element could not be located on the page using the given search parameters\n\tat io.appium.uiautomator2.handler.FindElement.findElement(FindElement.java:90)\n\tat io.appium.uiautomator2.handler.FindElement.safeHandle(FindElement.java:67)\n\tat io.appium.uiautomator2.handler.request.SafeRequestHandler.handle(SafeRequestHandler.java:59)\n\tat io.appium.uiautomator2.server.AppiumServlet.handleRequest(AppiumServlet.java:267)\n\tat io.appium.uiautomator2.server.AppiumServlet.handleHttpRequest(AppiumServlet.java:261)\n\tat io.appium.uiautomator2.http.ServerHandler.channelRead(ServerHandler.java:68)\n\tat io.netty.channel.AbstractChannelHandlerContext.invokeChannelRead(AbstractChannelHandlerContext.java:366)\n\tat io.netty.channel.AbstractChannelHandlerCont...
2024-07-30 09:52:37:108 [W3C] Matched W3C error code 'no such element' to NoSuchElementError
2024-07-30 09:52:37:109 [W3C (afacdf8f)] Encountered internal error running command: NoSuchElementError: An element could not be located on the page using the given search parameters.
2024-07-30 09:52:37:109 [W3C (afacdf8f)]     at AndroidUiautomator2Driver.findElOrEls (/Users/oimtrust/.config/yarn/global/node_modules/appium-android-driver/lib/commands/find.js:75:11)
2024-07-30 09:52:37:109 [W3C (afacdf8f)]     at processTicksAndRejections (node:internal/process/task_queues:96:5)
2024-07-30 09:52:37:109 [W3C (afacdf8f)]     at AndroidUiautomator2Driver.findElOrElsWithProcessing (/Users/oimtrust/.config/yarn/global/node_modules/appium-base-driver/lib/basedriver/commands/find.js:33:12)
2024-07-30 09:52:37:109 [W3C (afacdf8f)]     at AndroidUiautomator2Driver.findElement (/Users/oimtrust/.config/yarn/global/node_modules/appium-base-driver/lib/basedriver/commands/find.js:53:10)
2024-07-30 09:52:37:110 [HTTP] <-- POST /session/afacdf8f-2195-43f6-b1c7-34384fae0d45/element 404 51 ms - 785
2024-07-30 09:52:37:110 [HTTP] 
2024-07-30 09:52:37:621 [HTTP] --> POST /session/afacdf8f-2195-43f6-b1c7-34384fae0d45/element
2024-07-30 09:52:37:621 [HTTP] {"using":"xpath","value":"//android.view.View[@content-desc=\"Halo, Selamat Datang! 👋\"]"}
2024-07-30 09:52:37:622 [W3C (afacdf8f)] Calling AppiumDriver.findElement() with args: ["xpath","//android.view.View[@content-desc=\"Halo, Selamat Datang! 👋\"]","afacdf8f-2195-43f6-b1c7-34384fae0d45"]
2024-07-30 09:52:37:622 [BaseDriver] Valid locator strategies for this request: xpath, id, class name, accessibility id, css selector, -android uiautomator
2024-07-30 09:52:37:622 [BaseDriver] Waiting up to 0 ms for condition
2024-07-30 09:52:37:623 [WD Proxy] Matched '/element' to command name 'findElement'
2024-07-30 09:52:37:624 [WD Proxy] Proxying [POST /element] to [POST http://127.0.0.1:8200/wd/hub/session/db201f5c-7940-497a-a16c-c6c30ca7a5cb/element] with body: {"strategy":"xpath","selector":"//android.view.View[@content-desc=\"Halo, Selamat Datang! 👋\"]","context":"","multiple":false}
2024-07-30 09:52:37:672 [WD Proxy] Got response with status 404: {"sessionId":"db201f5c-7940-497a-a16c-c6c30ca7a5cb","value":{"error":"no such element","message":"An element could not be located on the page using the given search parameters","stacktrace":"io.appium.uiautomator2.common.exceptions.ElementNotFoundException: An element could not be located on the page using the given search parameters\n\tat io.appium.uiautomator2.handler.FindElement.findElement(FindElement.java:90)\n\tat io.appium.uiautomator2.handler.FindElement.safeHandle(FindElement.java:67)\n\tat io.appium.uiautomator2.handler.request.SafeRequestHandler.handle(SafeRequestHandler.java:59)\n\tat io.appium.uiautomator2.server.AppiumServlet.handleRequest(AppiumServlet.java:267)\n\tat io.appium.uiautomator2.server.AppiumServlet.handleHttpRequest(AppiumServlet.java:261)\n\tat io.appium.uiautomator2.http.ServerHandler.channelRead(ServerHandler.java:68)\n\tat io.netty.channel.AbstractChannelHandlerContext.invokeChannelRead(AbstractChannelHandlerContext.java:366)\n\tat io.netty.channel.AbstractChannelHandlerCont...
2024-07-30 09:52:37:672 [W3C] Matched W3C error code 'no such element' to NoSuchElementError
2024-07-30 09:52:37:673 [W3C (afacdf8f)] Encountered internal error running command: NoSuchElementError: An element could not be located on the page using the given search parameters.
2024-07-30 09:52:37:674 [W3C (afacdf8f)]     at AndroidUiautomator2Driver.findElOrEls (/Users/oimtrust/.config/yarn/global/node_modules/appium-android-driver/lib/commands/find.js:75:11)
2024-07-30 09:52:37:674 [W3C (afacdf8f)]     at processTicksAndRejections (node:internal/process/task_queues:96:5)
2024-07-30 09:52:37:674 [W3C (afacdf8f)]     at AndroidUiautomator2Driver.findElOrElsWithProcessing (/Users/oimtrust/.config/yarn/global/node_modules/appium-base-driver/lib/basedriver/commands/find.js:33:12)
2024-07-30 09:52:37:674 [W3C (afacdf8f)]     at AndroidUiautomator2Driver.findElement (/Users/oimtrust/.config/yarn/global/node_modules/appium-base-driver/lib/basedriver/commands/find.js:53:10)
2024-07-30 09:52:37:676 [HTTP] <-- POST /session/afacdf8f-2195-43f6-b1c7-34384fae0d45/element 404 54 ms - 785
2024-07-30 09:52:37:676 [HTTP] 
2024-07-30 09:52:38:192 [HTTP] --> POST /session/afacdf8f-2195-43f6-b1c7-34384fae0d45/element
2024-07-30 09:52:38:192 [HTTP] {"using":"xpath","value":"//android.view.View[@content-desc=\"Halo, Selamat Datang! 👋\"]"}
2024-07-30 09:52:38:193 [W3C (afacdf8f)] Calling AppiumDriver.findElement() with args: ["xpath","//android.view.View[@content-desc=\"Halo, Selamat Datang! 👋\"]","afacdf8f-2195-43f6-b1c7-34384fae0d45"]
2024-07-30 09:52:38:193 [BaseDriver] Valid locator strategies for this request: xpath, id, class name, accessibility id, css selector, -android uiautomator
2024-07-30 09:52:38:193 [BaseDriver] Waiting up to 0 ms for condition
2024-07-30 09:52:38:194 [WD Proxy] Matched '/element' to command name 'findElement'
2024-07-30 09:52:38:194 [WD Proxy] Proxying [POST /element] to [POST http://127.0.0.1:8200/wd/hub/session/db201f5c-7940-497a-a16c-c6c30ca7a5cb/element] with body: {"strategy":"xpath","selector":"//android.view.View[@content-desc=\"Halo, Selamat Datang! 👋\"]","context":"","multiple":false}
2024-07-30 09:52:38:243 [WD Proxy] Got response with status 404: {"sessionId":"db201f5c-7940-497a-a16c-c6c30ca7a5cb","value":{"error":"no such element","message":"An element could not be located on the page using the given search parameters","stacktrace":"io.appium.uiautomator2.common.exceptions.ElementNotFoundException: An element could not be located on the page using the given search parameters\n\tat io.appium.uiautomator2.handler.FindElement.findElement(FindElement.java:90)\n\tat io.appium.uiautomator2.handler.FindElement.safeHandle(FindElement.java:67)\n\tat io.appium.uiautomator2.handler.request.SafeRequestHandler.handle(SafeRequestHandler.java:59)\n\tat io.appium.uiautomator2.server.AppiumServlet.handleRequest(AppiumServlet.java:267)\n\tat io.appium.uiautomator2.server.AppiumServlet.handleHttpRequest(AppiumServlet.java:261)\n\tat io.appium.uiautomator2.http.ServerHandler.channelRead(ServerHandler.java:68)\n\tat io.netty.channel.AbstractChannelHandlerContext.invokeChannelRead(AbstractChannelHandlerContext.java:366)\n\tat io.netty.channel.AbstractChannelHandlerCont...
2024-07-30 09:52:38:244 [W3C] Matched W3C error code 'no such element' to NoSuchElementError
2024-07-30 09:52:38:244 [W3C (afacdf8f)] Encountered internal error running command: NoSuchElementError: An element could not be located on the page using the given search parameters.
2024-07-30 09:52:38:244 [W3C (afacdf8f)]     at AndroidUiautomator2Driver.findElOrEls (/Users/oimtrust/.config/yarn/global/node_modules/appium-android-driver/lib/commands/find.js:75:11)
2024-07-30 09:52:38:244 [W3C (afacdf8f)]     at processTicksAndRejections (node:internal/process/task_queues:96:5)
2024-07-30 09:52:38:244 [W3C (afacdf8f)]     at AndroidUiautomator2Driver.findElOrElsWithProcessing (/Users/oimtrust/.config/yarn/global/node_modules/appium-base-driver/lib/basedriver/commands/find.js:33:12)
2024-07-30 09:52:38:244 [W3C (afacdf8f)]     at AndroidUiautomator2Driver.findElement (/Users/oimtrust/.config/yarn/global/node_modules/appium-base-driver/lib/basedriver/commands/find.js:53:10)
2024-07-30 09:52:38:245 [HTTP] <-- POST /session/afacdf8f-2195-43f6-b1c7-34384fae0d45/element 404 52 ms - 785
2024-07-30 09:52:38:245 [HTTP] 
2024-07-30 09:52:38:759 [HTTP] --> POST /session/afacdf8f-2195-43f6-b1c7-34384fae0d45/element
2024-07-30 09:52:38:759 [HTTP] {"using":"xpath","value":"//android.view.View[@content-desc=\"Halo, Selamat Datang! 👋\"]"}
2024-07-30 09:52:38:760 [W3C (afacdf8f)] Calling AppiumDriver.findElement() with args: ["xpath","//android.view.View[@content-desc=\"Halo, Selamat Datang! 👋\"]","afacdf8f-2195-43f6-b1c7-34384fae0d45"]
2024-07-30 09:52:38:761 [BaseDriver] Valid locator strategies for this request: xpath, id, class name, accessibility id, css selector, -android uiautomator
2024-07-30 09:52:38:761 [BaseDriver] Waiting up to 0 ms for condition
2024-07-30 09:52:38:762 [WD Proxy] Matched '/element' to command name 'findElement'
2024-07-30 09:52:38:762 [WD Proxy] Proxying [POST /element] to [POST http://127.0.0.1:8200/wd/hub/session/db201f5c-7940-497a-a16c-c6c30ca7a5cb/element] with body: {"strategy":"xpath","selector":"//android.view.View[@content-desc=\"Halo, Selamat Datang! 👋\"]","context":"","multiple":false}
2024-07-30 09:52:38:814 [WD Proxy] Got response with status 404: {"sessionId":"db201f5c-7940-497a-a16c-c6c30ca7a5cb","value":{"error":"no such element","message":"An element could not be located on the page using the given search parameters","stacktrace":"io.appium.uiautomator2.common.exceptions.ElementNotFoundException: An element could not be located on the page using the given search parameters\n\tat io.appium.uiautomator2.handler.FindElement.findElement(FindElement.java:90)\n\tat io.appium.uiautomator2.handler.FindElement.safeHandle(FindElement.java:67)\n\tat io.appium.uiautomator2.handler.request.SafeRequestHandler.handle(SafeRequestHandler.java:59)\n\tat io.appium.uiautomator2.server.AppiumServlet.handleRequest(AppiumServlet.java:267)\n\tat io.appium.uiautomator2.server.AppiumServlet.handleHttpRequest(AppiumServlet.java:261)\n\tat io.appium.uiautomator2.http.ServerHandler.channelRead(ServerHandler.java:68)\n\tat io.netty.channel.AbstractChannelHandlerContext.invokeChannelRead(AbstractChannelHandlerContext.java:366)\n\tat io.netty.channel.AbstractChannelHandlerCont...
2024-07-30 09:52:38:814 [W3C] Matched W3C error code 'no such element' to NoSuchElementError
2024-07-30 09:52:38:815 [W3C (afacdf8f)] Encountered internal error running command: NoSuchElementError: An element could not be located on the page using the given search parameters.
2024-07-30 09:52:38:815 [W3C (afacdf8f)]     at AndroidUiautomator2Driver.findElOrEls (/Users/oimtrust/.config/yarn/global/node_modules/appium-android-driver/lib/commands/find.js:75:11)
2024-07-30 09:52:38:815 [W3C (afacdf8f)]     at processTicksAndRejections (node:internal/process/task_queues:96:5)
2024-07-30 09:52:38:815 [W3C (afacdf8f)]     at AndroidUiautomator2Driver.findElOrElsWithProcessing (/Users/oimtrust/.config/yarn/global/node_modules/appium-base-driver/lib/basedriver/commands/find.js:33:12)
2024-07-30 09:52:38:815 [W3C (afacdf8f)]     at AndroidUiautomator2Driver.findElement (/Users/oimtrust/.config/yarn/global/node_modules/appium-base-driver/lib/basedriver/commands/find.js:53:10)
2024-07-30 09:52:38:816 [HTTP] <-- POST /session/afacdf8f-2195-43f6-b1c7-34384fae0d45/element 404 57 ms - 785
2024-07-30 09:52:38:816 [HTTP] 
2024-07-30 09:52:39:325 [HTTP] --> POST /session/afacdf8f-2195-43f6-b1c7-34384fae0d45/element
2024-07-30 09:52:39:326 [HTTP] {"using":"xpath","value":"//android.view.View[@content-desc=\"Halo, Selamat Datang! 👋\"]"}
2024-07-30 09:52:39:326 [W3C (afacdf8f)] Calling AppiumDriver.findElement() with args: ["xpath","//android.view.View[@content-desc=\"Halo, Selamat Datang! 👋\"]","afacdf8f-2195-43f6-b1c7-34384fae0d45"]
2024-07-30 09:52:39:326 [BaseDriver] Valid locator strategies for this request: xpath, id, class name, accessibility id, css selector, -android uiautomator
2024-07-30 09:52:39:326 [BaseDriver] Waiting up to 0 ms for condition
2024-07-30 09:52:39:327 [WD Proxy] Matched '/element' to command name 'findElement'
2024-07-30 09:52:39:327 [WD Proxy] Proxying [POST /element] to [POST http://127.0.0.1:8200/wd/hub/session/db201f5c-7940-497a-a16c-c6c30ca7a5cb/element] with body: {"strategy":"xpath","selector":"//android.view.View[@content-desc=\"Halo, Selamat Datang! 👋\"]","context":"","multiple":false}
2024-07-30 09:52:39:370 [WD Proxy] Got response with status 404: {"sessionId":"db201f5c-7940-497a-a16c-c6c30ca7a5cb","value":{"error":"no such element","message":"An element could not be located on the page using the given search parameters","stacktrace":"io.appium.uiautomator2.common.exceptions.ElementNotFoundException: An element could not be located on the page using the given search parameters\n\tat io.appium.uiautomator2.handler.FindElement.findElement(FindElement.java:90)\n\tat io.appium.uiautomator2.handler.FindElement.safeHandle(FindElement.java:67)\n\tat io.appium.uiautomator2.handler.request.SafeRequestHandler.handle(SafeRequestHandler.java:59)\n\tat io.appium.uiautomator2.server.AppiumServlet.handleRequest(AppiumServlet.java:267)\n\tat io.appium.uiautomator2.server.AppiumServlet.handleHttpRequest(AppiumServlet.java:261)\n\tat io.appium.uiautomator2.http.ServerHandler.channelRead(ServerHandler.java:68)\n\tat io.netty.channel.AbstractChannelHandlerContext.invokeChannelRead(AbstractChannelHandlerContext.java:366)\n\tat io.netty.channel.AbstractChannelHandlerCont...
2024-07-30 09:52:39:370 [W3C] Matched W3C error code 'no such element' to NoSuchElementError
2024-07-30 09:52:39:371 [W3C (afacdf8f)] Encountered internal error running command: NoSuchElementError: An element could not be located on the page using the given search parameters.
2024-07-30 09:52:39:371 [W3C (afacdf8f)]     at AndroidUiautomator2Driver.findElOrEls (/Users/oimtrust/.config/yarn/global/node_modules/appium-android-driver/lib/commands/find.js:75:11)
2024-07-30 09:52:39:371 [W3C (afacdf8f)]     at processTicksAndRejections (node:internal/process/task_queues:96:5)
2024-07-30 09:52:39:371 [W3C (afacdf8f)]     at AndroidUiautomator2Driver.findElOrElsWithProcessing (/Users/oimtrust/.config/yarn/global/node_modules/appium-base-driver/lib/basedriver/commands/find.js:33:12)
2024-07-30 09:52:39:371 [W3C (afacdf8f)]     at AndroidUiautomator2Driver.findElement (/Users/oimtrust/.config/yarn/global/node_modules/appium-base-driver/lib/basedriver/commands/find.js:53:10)
2024-07-30 09:52:39:372 [HTTP] <-- POST /session/afacdf8f-2195-43f6-b1c7-34384fae0d45/element 404 47 ms - 785
2024-07-30 09:52:39:372 [HTTP] 
2024-07-30 09:52:39:779 [HTTP] --> GET /wd/hub/session/414c7d43-cd61-4bed-85f3-6a5c40d1d129/timeouts
2024-07-30 09:52:39:780 [HTTP] {}
2024-07-30 09:52:39:780 [HTTP] No route found for /wd/hub/session/414c7d43-cd61-4bed-85f3-6a5c40d1d129/timeouts
2024-07-30 09:52:39:781 [HTTP] <-- GET /wd/hub/session/414c7d43-cd61-4bed-85f3-6a5c40d1d129/timeouts 404 2 ms - 262
2024-07-30 09:52:39:781 [HTTP] 
2024-07-30 09:52:39:883 [HTTP] --> POST /session/afacdf8f-2195-43f6-b1c7-34384fae0d45/element
2024-07-30 09:52:39:884 [HTTP] {"using":"xpath","value":"//android.view.View[@content-desc=\"Halo, Selamat Datang! 👋\"]"}
2024-07-30 09:52:39:885 [W3C (afacdf8f)] Calling AppiumDriver.findElement() with args: ["xpath","//android.view.View[@content-desc=\"Halo, Selamat Datang! 👋\"]","afacdf8f-2195-43f6-b1c7-34384fae0d45"]
2024-07-30 09:52:39:886 [BaseDriver] Valid locator strategies for this request: xpath, id, class name, accessibility id, css selector, -android uiautomator
2024-07-30 09:52:39:886 [BaseDriver] Waiting up to 0 ms for condition
2024-07-30 09:52:39:887 [WD Proxy] Matched '/element' to command name 'findElement'
2024-07-30 09:52:39:887 [WD Proxy] Proxying [POST /element] to [POST http://127.0.0.1:8200/wd/hub/session/db201f5c-7940-497a-a16c-c6c30ca7a5cb/element] with body: {"strategy":"xpath","selector":"//android.view.View[@content-desc=\"Halo, Selamat Datang! 👋\"]","context":"","multiple":false}
2024-07-30 09:52:39:938 [WD Proxy] Got response with status 404: {"sessionId":"db201f5c-7940-497a-a16c-c6c30ca7a5cb","value":{"error":"no such element","message":"An element could not be located on the page using the given search parameters","stacktrace":"io.appium.uiautomator2.common.exceptions.ElementNotFoundException: An element could not be located on the page using the given search parameters\n\tat io.appium.uiautomator2.handler.FindElement.findElement(FindElement.java:90)\n\tat io.appium.uiautomator2.handler.FindElement.safeHandle(FindElement.java:67)\n\tat io.appium.uiautomator2.handler.request.SafeRequestHandler.handle(SafeRequestHandler.java:59)\n\tat io.appium.uiautomator2.server.AppiumServlet.handleRequest(AppiumServlet.java:267)\n\tat io.appium.uiautomator2.server.AppiumServlet.handleHttpRequest(AppiumServlet.java:261)\n\tat io.appium.uiautomator2.http.ServerHandler.channelRead(ServerHandler.java:68)\n\tat io.netty.channel.AbstractChannelHandlerContext.invokeChannelRead(AbstractChannelHandlerContext.java:366)\n\tat io.netty.channel.AbstractChannelHandlerCont...
2024-07-30 09:52:39:938 [W3C] Matched W3C error code 'no such element' to NoSuchElementError
2024-07-30 09:52:39:939 [W3C (afacdf8f)] Encountered internal error running command: NoSuchElementError: An element could not be located on the page using the given search parameters.
2024-07-30 09:52:39:939 [W3C (afacdf8f)]     at AndroidUiautomator2Driver.findElOrEls (/Users/oimtrust/.config/yarn/global/node_modules/appium-android-driver/lib/commands/find.js:75:11)
2024-07-30 09:52:39:940 [W3C (afacdf8f)]     at processTicksAndRejections (node:internal/process/task_queues:96:5)
2024-07-30 09:52:39:940 [W3C (afacdf8f)]     at AndroidUiautomator2Driver.findElOrElsWithProcessing (/Users/oimtrust/.config/yarn/global/node_modules/appium-base-driver/lib/basedriver/commands/find.js:33:12)
2024-07-30 09:52:39:940 [W3C (afacdf8f)]     at AndroidUiautomator2Driver.findElement (/Users/oimtrust/.config/yarn/global/node_modules/appium-base-driver/lib/basedriver/commands/find.js:53:10)
2024-07-30 09:52:39:941 [HTTP] <-- POST /session/afacdf8f-2195-43f6-b1c7-34384fae0d45/element 404 57 ms - 785
2024-07-30 09:52:39:941 [HTTP] 
2024-07-30 09:52:40:452 [HTTP] --> POST /session/afacdf8f-2195-43f6-b1c7-34384fae0d45/element
2024-07-30 09:52:40:452 [HTTP] {"using":"xpath","value":"//android.view.View[@content-desc=\"Halo, Selamat Datang! 👋\"]"}
2024-07-30 09:52:40:452 [W3C (afacdf8f)] Calling AppiumDriver.findElement() with args: ["xpath","//android.view.View[@content-desc=\"Halo, Selamat Datang! 👋\"]","afacdf8f-2195-43f6-b1c7-34384fae0d45"]
2024-07-30 09:52:40:453 [BaseDriver] Valid locator strategies for this request: xpath, id, class name, accessibility id, css selector, -android uiautomator
2024-07-30 09:52:40:453 [BaseDriver] Waiting up to 0 ms for condition
2024-07-30 09:52:40:454 [WD Proxy] Matched '/element' to command name 'findElement'
2024-07-30 09:52:40:454 [WD Proxy] Proxying [POST /element] to [POST http://127.0.0.1:8200/wd/hub/session/db201f5c-7940-497a-a16c-c6c30ca7a5cb/element] with body: {"strategy":"xpath","selector":"//android.view.View[@content-desc=\"Halo, Selamat Datang! 👋\"]","context":"","multiple":false}
2024-07-30 09:52:40:494 [WD Proxy] Got response with status 404: {"sessionId":"db201f5c-7940-497a-a16c-c6c30ca7a5cb","value":{"error":"no such element","message":"An element could not be located on the page using the given search parameters","stacktrace":"io.appium.uiautomator2.common.exceptions.ElementNotFoundException: An element could not be located on the page using the given search parameters\n\tat io.appium.uiautomator2.handler.FindElement.findElement(FindElement.java:90)\n\tat io.appium.uiautomator2.handler.FindElement.safeHandle(FindElement.java:67)\n\tat io.appium.uiautomator2.handler.request.SafeRequestHandler.handle(SafeRequestHandler.java:59)\n\tat io.appium.uiautomator2.server.AppiumServlet.handleRequest(AppiumServlet.java:267)\n\tat io.appium.uiautomator2.server.AppiumServlet.handleHttpRequest(AppiumServlet.java:261)\n\tat io.appium.uiautomator2.http.ServerHandler.channelRead(ServerHandler.java:68)\n\tat io.netty.channel.AbstractChannelHandlerContext.invokeChannelRead(AbstractChannelHandlerContext.java:366)\n\tat io.netty.channel.AbstractChannelHandlerCont...
2024-07-30 09:52:40:495 [W3C] Matched W3C error code 'no such element' to NoSuchElementError
2024-07-30 09:52:40:495 [W3C (afacdf8f)] Encountered internal error running command: NoSuchElementError: An element could not be located on the page using the given search parameters.
2024-07-30 09:52:40:495 [W3C (afacdf8f)]     at AndroidUiautomator2Driver.findElOrEls (/Users/oimtrust/.config/yarn/global/node_modules/appium-android-driver/lib/commands/find.js:75:11)
2024-07-30 09:52:40:496 [W3C (afacdf8f)]     at processTicksAndRejections (node:internal/process/task_queues:96:5)
2024-07-30 09:52:40:496 [W3C (afacdf8f)]     at AndroidUiautomator2Driver.findElOrElsWithProcessing (/Users/oimtrust/.config/yarn/global/node_modules/appium-base-driver/lib/basedriver/commands/find.js:33:12)
2024-07-30 09:52:40:496 [W3C (afacdf8f)]     at AndroidUiautomator2Driver.findElement (/Users/oimtrust/.config/yarn/global/node_modules/appium-base-driver/lib/basedriver/commands/find.js:53:10)
2024-07-30 09:52:40:497 [HTTP] <-- POST /session/afacdf8f-2195-43f6-b1c7-34384fae0d45/element 404 45 ms - 785
2024-07-30 09:52:40:497 [HTTP] 
2024-07-30 09:52:41:009 [HTTP] --> POST /session/afacdf8f-2195-43f6-b1c7-34384fae0d45/element
2024-07-30 09:52:41:009 [HTTP] {"using":"xpath","value":"//android.view.View[@content-desc=\"Halo, Selamat Datang! 👋\"]"}
2024-07-30 09:52:41:010 [W3C (afacdf8f)] Calling AppiumDriver.findElement() with args: ["xpath","//android.view.View[@content-desc=\"Halo, Selamat Datang! 👋\"]","afacdf8f-2195-43f6-b1c7-34384fae0d45"]
2024-07-30 09:52:41:010 [BaseDriver] Valid locator strategies for this request: xpath, id, class name, accessibility id, css selector, -android uiautomator
2024-07-30 09:52:41:011 [BaseDriver] Waiting up to 0 ms for condition
2024-07-30 09:52:41:011 [WD Proxy] Matched '/element' to command name 'findElement'
2024-07-30 09:52:41:011 [WD Proxy] Proxying [POST /element] to [POST http://127.0.0.1:8200/wd/hub/session/db201f5c-7940-497a-a16c-c6c30ca7a5cb/element] with body: {"strategy":"xpath","selector":"//android.view.View[@content-desc=\"Halo, Selamat Datang! 👋\"]","context":"","multiple":false}
2024-07-30 09:52:41:060 [WD Proxy] Got response with status 404: {"sessionId":"db201f5c-7940-497a-a16c-c6c30ca7a5cb","value":{"error":"no such element","message":"An element could not be located on the page using the given search parameters","stacktrace":"io.appium.uiautomator2.common.exceptions.ElementNotFoundException: An element could not be located on the page using the given search parameters\n\tat io.appium.uiautomator2.handler.FindElement.findElement(FindElement.java:90)\n\tat io.appium.uiautomator2.handler.FindElement.safeHandle(FindElement.java:67)\n\tat io.appium.uiautomator2.handler.request.SafeRequestHandler.handle(SafeRequestHandler.java:59)\n\tat io.appium.uiautomator2.server.AppiumServlet.handleRequest(AppiumServlet.java:267)\n\tat io.appium.uiautomator2.server.AppiumServlet.handleHttpRequest(AppiumServlet.java:261)\n\tat io.appium.uiautomator2.http.ServerHandler.channelRead(ServerHandler.java:68)\n\tat io.netty.channel.AbstractChannelHandlerContext.invokeChannelRead(AbstractChannelHandlerContext.java:366)\n\tat io.netty.channel.AbstractChannelHandlerCont...
2024-07-30 09:52:41:061 [W3C] Matched W3C error code 'no such element' to NoSuchElementError
2024-07-30 09:52:41:061 [W3C (afacdf8f)] Encountered internal error running command: NoSuchElementError: An element could not be located on the page using the given search parameters.
2024-07-30 09:52:41:061 [W3C (afacdf8f)]     at AndroidUiautomator2Driver.findElOrEls (/Users/oimtrust/.config/yarn/global/node_modules/appium-android-driver/lib/commands/find.js:75:11)
2024-07-30 09:52:41:061 [W3C (afacdf8f)]     at processTicksAndRejections (node:internal/process/task_queues:96:5)
2024-07-30 09:52:41:062 [W3C (afacdf8f)]     at AndroidUiautomator2Driver.findElOrElsWithProcessing (/Users/oimtrust/.config/yarn/global/node_modules/appium-base-driver/lib/basedriver/commands/find.js:33:12)
2024-07-30 09:52:41:062 [W3C (afacdf8f)]     at AndroidUiautomator2Driver.findElement (/Users/oimtrust/.config/yarn/global/node_modules/appium-base-driver/lib/basedriver/commands/find.js:53:10)
2024-07-30 09:52:41:064 [HTTP] <-- POST /session/afacdf8f-2195-43f6-b1c7-34384fae0d45/element 404 54 ms - 785
2024-07-30 09:52:41:064 [HTTP] 
2024-07-30 09:52:41:575 [HTTP] --> POST /session/afacdf8f-2195-43f6-b1c7-34384fae0d45/element
2024-07-30 09:52:41:576 [HTTP] {"using":"xpath","value":"//android.view.View[@content-desc=\"Halo, Selamat Datang! 👋\"]"}
2024-07-30 09:52:41:576 [W3C (afacdf8f)] Calling AppiumDriver.findElement() with args: ["xpath","//android.view.View[@content-desc=\"Halo, Selamat Datang! 👋\"]","afacdf8f-2195-43f6-b1c7-34384fae0d45"]
2024-07-30 09:52:41:577 [BaseDriver] Valid locator strategies for this request: xpath, id, class name, accessibility id, css selector, -android uiautomator
2024-07-30 09:52:41:577 [BaseDriver] Waiting up to 0 ms for condition
2024-07-30 09:52:41:578 [WD Proxy] Matched '/element' to command name 'findElement'
2024-07-30 09:52:41:578 [WD Proxy] Proxying [POST /element] to [POST http://127.0.0.1:8200/wd/hub/session/db201f5c-7940-497a-a16c-c6c30ca7a5cb/element] with body: {"strategy":"xpath","selector":"//android.view.View[@content-desc=\"Halo, Selamat Datang! 👋\"]","context":"","multiple":false}
2024-07-30 09:52:41:626 [WD Proxy] Got response with status 404: {"sessionId":"db201f5c-7940-497a-a16c-c6c30ca7a5cb","value":{"error":"no such element","message":"An element could not be located on the page using the given search parameters","stacktrace":"io.appium.uiautomator2.common.exceptions.ElementNotFoundException: An element could not be located on the page using the given search parameters\n\tat io.appium.uiautomator2.handler.FindElement.findElement(FindElement.java:90)\n\tat io.appium.uiautomator2.handler.FindElement.safeHandle(FindElement.java:67)\n\tat io.appium.uiautomator2.handler.request.SafeRequestHandler.handle(SafeRequestHandler.java:59)\n\tat io.appium.uiautomator2.server.AppiumServlet.handleRequest(AppiumServlet.java:267)\n\tat io.appium.uiautomator2.server.AppiumServlet.handleHttpRequest(AppiumServlet.java:261)\n\tat io.appium.uiautomator2.http.ServerHandler.channelRead(ServerHandler.java:68)\n\tat io.netty.channel.AbstractChannelHandlerContext.invokeChannelRead(AbstractChannelHandlerContext.java:366)\n\tat io.netty.channel.AbstractChannelHandlerCont...
2024-07-30 09:52:41:626 [W3C] Matched W3C error code 'no such element' to NoSuchElementError
2024-07-30 09:52:41:627 [W3C (afacdf8f)] Encountered internal error running command: NoSuchElementError: An element could not be located on the page using the given search parameters.
2024-07-30 09:52:41:627 [W3C (afacdf8f)]     at AndroidUiautomator2Driver.findElOrEls (/Users/oimtrust/.config/yarn/global/node_modules/appium-android-driver/lib/commands/find.js:75:11)
2024-07-30 09:52:41:627 [W3C (afacdf8f)]     at processTicksAndRejections (node:internal/process/task_queues:96:5)
2024-07-30 09:52:41:627 [W3C (afacdf8f)]     at AndroidUiautomator2Driver.findElOrElsWithProcessing (/Users/oimtrust/.config/yarn/global/node_modules/appium-base-driver/lib/basedriver/commands/find.js:33:12)
2024-07-30 09:52:41:628 [W3C (afacdf8f)]     at AndroidUiautomator2Driver.findElement (/Users/oimtrust/.config/yarn/global/node_modules/appium-base-driver/lib/basedriver/commands/find.js:53:10)
2024-07-30 09:52:41:629 [HTTP] <-- POST /session/afacdf8f-2195-43f6-b1c7-34384fae0d45/element 404 53 ms - 785
2024-07-30 09:52:41:630 [HTTP] 
2024-07-30 09:52:42:140 [HTTP] --> POST /session/afacdf8f-2195-43f6-b1c7-34384fae0d45/element
2024-07-30 09:52:42:140 [HTTP] {"using":"xpath","value":"//android.view.View[@content-desc=\"Halo, Selamat Datang! 👋\"]"}
2024-07-30 09:52:42:141 [W3C (afacdf8f)] Calling AppiumDriver.findElement() with args: ["xpath","//android.view.View[@content-desc=\"Halo, Selamat Datang! 👋\"]","afacdf8f-2195-43f6-b1c7-34384fae0d45"]
2024-07-30 09:52:42:141 [BaseDriver] Valid locator strategies for this request: xpath, id, class name, accessibility id, css selector, -android uiautomator
2024-07-30 09:52:42:141 [BaseDriver] Waiting up to 0 ms for condition
2024-07-30 09:52:42:142 [WD Proxy] Matched '/element' to command name 'findElement'
2024-07-30 09:52:42:142 [WD Proxy] Proxying [POST /element] to [POST http://127.0.0.1:8200/wd/hub/session/db201f5c-7940-497a-a16c-c6c30ca7a5cb/element] with body: {"strategy":"xpath","selector":"//android.view.View[@content-desc=\"Halo, Selamat Datang! 👋\"]","context":"","multiple":false}
2024-07-30 09:52:42:186 [WD Proxy] Got response with status 404: {"sessionId":"db201f5c-7940-497a-a16c-c6c30ca7a5cb","value":{"error":"no such element","message":"An element could not be located on the page using the given search parameters","stacktrace":"io.appium.uiautomator2.common.exceptions.ElementNotFoundException: An element could not be located on the page using the given search parameters\n\tat io.appium.uiautomator2.handler.FindElement.findElement(FindElement.java:90)\n\tat io.appium.uiautomator2.handler.FindElement.safeHandle(FindElement.java:67)\n\tat io.appium.uiautomator2.handler.request.SafeRequestHandler.handle(SafeRequestHandler.java:59)\n\tat io.appium.uiautomator2.server.AppiumServlet.handleRequest(AppiumServlet.java:267)\n\tat io.appium.uiautomator2.server.AppiumServlet.handleHttpRequest(AppiumServlet.java:261)\n\tat io.appium.uiautomator2.http.ServerHandler.channelRead(ServerHandler.java:68)\n\tat io.netty.channel.AbstractChannelHandlerContext.invokeChannelRead(AbstractChannelHandlerContext.java:366)\n\tat io.netty.channel.AbstractChannelHandlerCont...
2024-07-30 09:52:42:186 [W3C] Matched W3C error code 'no such element' to NoSuchElementError
2024-07-30 09:52:42:187 [W3C (afacdf8f)] Encountered internal error running command: NoSuchElementError: An element could not be located on the page using the given search parameters.
2024-07-30 09:52:42:187 [W3C (afacdf8f)]     at AndroidUiautomator2Driver.findElOrEls (/Users/oimtrust/.config/yarn/global/node_modules/appium-android-driver/lib/commands/find.js:75:11)
2024-07-30 09:52:42:187 [W3C (afacdf8f)]     at processTicksAndRejections (node:internal/process/task_queues:96:5)
2024-07-30 09:52:42:187 [W3C (afacdf8f)]     at AndroidUiautomator2Driver.findElOrElsWithProcessing (/Users/oimtrust/.config/yarn/global/node_modules/appium-base-driver/lib/basedriver/commands/find.js:33:12)
2024-07-30 09:52:42:187 [W3C (afacdf8f)]     at AndroidUiautomator2Driver.findElement (/Users/oimtrust/.config/yarn/global/node_modules/appium-base-driver/lib/basedriver/commands/find.js:53:10)
2024-07-30 09:52:42:188 [HTTP] <-- POST /session/afacdf8f-2195-43f6-b1c7-34384fae0d45/element 404 47 ms - 785
2024-07-30 09:52:42:188 [HTTP] 
2024-07-30 09:52:42:698 [HTTP] --> POST /session/afacdf8f-2195-43f6-b1c7-34384fae0d45/element
2024-07-30 09:52:42:699 [HTTP] {"using":"xpath","value":"//android.view.View[@content-desc=\"Halo, Selamat Datang! 👋\"]"}
2024-07-30 09:52:42:699 [W3C (afacdf8f)] Calling AppiumDriver.findElement() with args: ["xpath","//android.view.View[@content-desc=\"Halo, Selamat Datang! 👋\"]","afacdf8f-2195-43f6-b1c7-34384fae0d45"]
2024-07-30 09:52:42:699 [BaseDriver] Valid locator strategies for this request: xpath, id, class name, accessibility id, css selector, -android uiautomator
2024-07-30 09:52:42:700 [BaseDriver] Waiting up to 0 ms for condition
2024-07-30 09:52:42:700 [WD Proxy] Matched '/element' to command name 'findElement'
2024-07-30 09:52:42:700 [WD Proxy] Proxying [POST /element] to [POST http://127.0.0.1:8200/wd/hub/session/db201f5c-7940-497a-a16c-c6c30ca7a5cb/element] with body: {"strategy":"xpath","selector":"//android.view.View[@content-desc=\"Halo, Selamat Datang! 👋\"]","context":"","multiple":false}
2024-07-30 09:52:42:749 [WD Proxy] Got response with status 404: {"sessionId":"db201f5c-7940-497a-a16c-c6c30ca7a5cb","value":{"error":"no such element","message":"An element could not be located on the page using the given search parameters","stacktrace":"io.appium.uiautomator2.common.exceptions.ElementNotFoundException: An element could not be located on the page using the given search parameters\n\tat io.appium.uiautomator2.handler.FindElement.findElement(FindElement.java:90)\n\tat io.appium.uiautomator2.handler.FindElement.safeHandle(FindElement.java:67)\n\tat io.appium.uiautomator2.handler.request.SafeRequestHandler.handle(SafeRequestHandler.java:59)\n\tat io.appium.uiautomator2.server.AppiumServlet.handleRequest(AppiumServlet.java:267)\n\tat io.appium.uiautomator2.server.AppiumServlet.handleHttpRequest(AppiumServlet.java:261)\n\tat io.appium.uiautomator2.http.ServerHandler.channelRead(ServerHandler.java:68)\n\tat io.netty.channel.AbstractChannelHandlerContext.invokeChannelRead(AbstractChannelHandlerContext.java:366)\n\tat io.netty.channel.AbstractChannelHandlerCont...
2024-07-30 09:52:42:749 [W3C] Matched W3C error code 'no such element' to NoSuchElementError
2024-07-30 09:52:42:750 [W3C (afacdf8f)] Encountered internal error running command: NoSuchElementError: An element could not be located on the page using the given search parameters.
2024-07-30 09:52:42:750 [W3C (afacdf8f)]     at AndroidUiautomator2Driver.findElOrEls (/Users/oimtrust/.config/yarn/global/node_modules/appium-android-driver/lib/commands/find.js:75:11)
2024-07-30 09:52:42:750 [W3C (afacdf8f)]     at processTicksAndRejections (node:internal/process/task_queues:96:5)
2024-07-30 09:52:42:751 [W3C (afacdf8f)]     at AndroidUiautomator2Driver.findElOrElsWithProcessing (/Users/oimtrust/.config/yarn/global/node_modules/appium-base-driver/lib/basedriver/commands/find.js:33:12)
2024-07-30 09:52:42:751 [W3C (afacdf8f)]     at AndroidUiautomator2Driver.findElement (/Users/oimtrust/.config/yarn/global/node_modules/appium-base-driver/lib/basedriver/commands/find.js:53:10)
2024-07-30 09:52:42:751 [HTTP] <-- POST /session/afacdf8f-2195-43f6-b1c7-34384fae0d45/element 404 53 ms - 785
2024-07-30 09:52:42:751 [HTTP] 
2024-07-30 09:52:43:264 [HTTP] --> POST /session/afacdf8f-2195-43f6-b1c7-34384fae0d45/element
2024-07-30 09:52:43:264 [HTTP] {"using":"xpath","value":"//android.view.View[@content-desc=\"Halo, Selamat Datang! 👋\"]"}
2024-07-30 09:52:43:265 [W3C (afacdf8f)] Calling AppiumDriver.findElement() with args: ["xpath","//android.view.View[@content-desc=\"Halo, Selamat Datang! 👋\"]","afacdf8f-2195-43f6-b1c7-34384fae0d45"]
2024-07-30 09:52:43:265 [BaseDriver] Valid locator strategies for this request: xpath, id, class name, accessibility id, css selector, -android uiautomator
2024-07-30 09:52:43:265 [BaseDriver] Waiting up to 0 ms for condition
2024-07-30 09:52:43:266 [WD Proxy] Matched '/element' to command name 'findElement'
2024-07-30 09:52:43:266 [WD Proxy] Proxying [POST /element] to [POST http://127.0.0.1:8200/wd/hub/session/db201f5c-7940-497a-a16c-c6c30ca7a5cb/element] with body: {"strategy":"xpath","selector":"//android.view.View[@content-desc=\"Halo, Selamat Datang! 👋\"]","context":"","multiple":false}
2024-07-30 09:52:43:317 [WD Proxy] Got response with status 404: {"sessionId":"db201f5c-7940-497a-a16c-c6c30ca7a5cb","value":{"error":"no such element","message":"An element could not be located on the page using the given search parameters","stacktrace":"io.appium.uiautomator2.common.exceptions.ElementNotFoundException: An element could not be located on the page using the given search parameters\n\tat io.appium.uiautomator2.handler.FindElement.findElement(FindElement.java:90)\n\tat io.appium.uiautomator2.handler.FindElement.safeHandle(FindElement.java:67)\n\tat io.appium.uiautomator2.handler.request.SafeRequestHandler.handle(SafeRequestHandler.java:59)\n\tat io.appium.uiautomator2.server.AppiumServlet.handleRequest(AppiumServlet.java:267)\n\tat io.appium.uiautomator2.server.AppiumServlet.handleHttpRequest(AppiumServlet.java:261)\n\tat io.appium.uiautomator2.http.ServerHandler.channelRead(ServerHandler.java:68)\n\tat io.netty.channel.AbstractChannelHandlerContext.invokeChannelRead(AbstractChannelHandlerContext.java:366)\n\tat io.netty.channel.AbstractChannelHandlerCont...
2024-07-30 09:52:43:318 [W3C] Matched W3C error code 'no such element' to NoSuchElementError
2024-07-30 09:52:43:319 [W3C (afacdf8f)] Encountered internal error running command: NoSuchElementError: An element could not be located on the page using the given search parameters.
2024-07-30 09:52:43:319 [W3C (afacdf8f)]     at AndroidUiautomator2Driver.findElOrEls (/Users/oimtrust/.config/yarn/global/node_modules/appium-android-driver/lib/commands/find.js:75:11)
2024-07-30 09:52:43:319 [W3C (afacdf8f)]     at processTicksAndRejections (node:internal/process/task_queues:96:5)
2024-07-30 09:52:43:319 [W3C (afacdf8f)]     at AndroidUiautomator2Driver.findElOrElsWithProcessing (/Users/oimtrust/.config/yarn/global/node_modules/appium-base-driver/lib/basedriver/commands/find.js:33:12)
2024-07-30 09:52:43:319 [W3C (afacdf8f)]     at AndroidUiautomator2Driver.findElement (/Users/oimtrust/.config/yarn/global/node_modules/appium-base-driver/lib/basedriver/commands/find.js:53:10)
2024-07-30 09:52:43:320 [HTTP] <-- POST /session/afacdf8f-2195-43f6-b1c7-34384fae0d45/element 404 56 ms - 785
2024-07-30 09:52:43:320 [HTTP] 
2024-07-30 09:52:43:833 [HTTP] --> POST /session/afacdf8f-2195-43f6-b1c7-34384fae0d45/element
2024-07-30 09:52:43:833 [HTTP] {"using":"xpath","value":"//android.view.View[@content-desc=\"Halo, Selamat Datang! 👋\"]"}
2024-07-30 09:52:43:834 [W3C (afacdf8f)] Calling AppiumDriver.findElement() with args: ["xpath","//android.view.View[@content-desc=\"Halo, Selamat Datang! 👋\"]","afacdf8f-2195-43f6-b1c7-34384fae0d45"]
2024-07-30 09:52:43:834 [BaseDriver] Valid locator strategies for this request: xpath, id, class name, accessibility id, css selector, -android uiautomator
2024-07-30 09:52:43:834 [BaseDriver] Waiting up to 0 ms for condition
2024-07-30 09:52:43:834 [WD Proxy] Matched '/element' to command name 'findElement'
2024-07-30 09:52:43:834 [WD Proxy] Proxying [POST /element] to [POST http://127.0.0.1:8200/wd/hub/session/db201f5c-7940-497a-a16c-c6c30ca7a5cb/element] with body: {"strategy":"xpath","selector":"//android.view.View[@content-desc=\"Halo, Selamat Datang! 👋\"]","context":"","multiple":false}
2024-07-30 09:52:43:877 [WD Proxy] Got response with status 404: {"sessionId":"db201f5c-7940-497a-a16c-c6c30ca7a5cb","value":{"error":"no such element","message":"An element could not be located on the page using the given search parameters","stacktrace":"io.appium.uiautomator2.common.exceptions.ElementNotFoundException: An element could not be located on the page using the given search parameters\n\tat io.appium.uiautomator2.handler.FindElement.findElement(FindElement.java:90)\n\tat io.appium.uiautomator2.handler.FindElement.safeHandle(FindElement.java:67)\n\tat io.appium.uiautomator2.handler.request.SafeRequestHandler.handle(SafeRequestHandler.java:59)\n\tat io.appium.uiautomator2.server.AppiumServlet.handleRequest(AppiumServlet.java:267)\n\tat io.appium.uiautomator2.server.AppiumServlet.handleHttpRequest(AppiumServlet.java:261)\n\tat io.appium.uiautomator2.http.ServerHandler.channelRead(ServerHandler.java:68)\n\tat io.netty.channel.AbstractChannelHandlerContext.invokeChannelRead(AbstractChannelHandlerContext.java:366)\n\tat io.netty.channel.AbstractChannelHandlerCont...
2024-07-30 09:52:43:877 [W3C] Matched W3C error code 'no such element' to NoSuchElementError
2024-07-30 09:52:43:878 [W3C (afacdf8f)] Encountered internal error running command: NoSuchElementError: An element could not be located on the page using the given search parameters.
2024-07-30 09:52:43:878 [W3C (afacdf8f)]     at AndroidUiautomator2Driver.findElOrEls (/Users/oimtrust/.config/yarn/global/node_modules/appium-android-driver/lib/commands/find.js:75:11)
2024-07-30 09:52:43:878 [W3C (afacdf8f)]     at processTicksAndRejections (node:internal/process/task_queues:96:5)
2024-07-30 09:52:43:878 [W3C (afacdf8f)]     at AndroidUiautomator2Driver.findElOrElsWithProcessing (/Users/oimtrust/.config/yarn/global/node_modules/appium-base-driver/lib/basedriver/commands/find.js:33:12)
2024-07-30 09:52:43:878 [W3C (afacdf8f)]     at AndroidUiautomator2Driver.findElement (/Users/oimtrust/.config/yarn/global/node_modules/appium-base-driver/lib/basedriver/commands/find.js:53:10)
2024-07-30 09:52:43:879 [HTTP] <-- POST /session/afacdf8f-2195-43f6-b1c7-34384fae0d45/element 404 46 ms - 785
2024-07-30 09:52:43:879 [HTTP] 
2024-07-30 09:52:44:389 [HTTP] --> POST /session/afacdf8f-2195-43f6-b1c7-34384fae0d45/element
2024-07-30 09:52:44:389 [HTTP] {"using":"xpath","value":"//android.view.View[@content-desc=\"Halo, Selamat Datang! 👋\"]"}
2024-07-30 09:52:44:390 [W3C (afacdf8f)] Calling AppiumDriver.findElement() with args: ["xpath","//android.view.View[@content-desc=\"Halo, Selamat Datang! 👋\"]","afacdf8f-2195-43f6-b1c7-34384fae0d45"]
2024-07-30 09:52:44:390 [BaseDriver] Valid locator strategies for this request: xpath, id, class name, accessibility id, css selector, -android uiautomator
2024-07-30 09:52:44:390 [BaseDriver] Waiting up to 0 ms for condition
2024-07-30 09:52:44:391 [WD Proxy] Matched '/element' to command name 'findElement'
2024-07-30 09:52:44:391 [WD Proxy] Proxying [POST /element] to [POST http://127.0.0.1:8200/wd/hub/session/db201f5c-7940-497a-a16c-c6c30ca7a5cb/element] with body: {"strategy":"xpath","selector":"//android.view.View[@content-desc=\"Halo, Selamat Datang! 👋\"]","context":"","multiple":false}
2024-07-30 09:52:44:428 [WD Proxy] Got response with status 404: {"sessionId":"db201f5c-7940-497a-a16c-c6c30ca7a5cb","value":{"error":"no such element","message":"An element could not be located on the page using the given search parameters","stacktrace":"io.appium.uiautomator2.common.exceptions.ElementNotFoundException: An element could not be located on the page using the given search parameters\n\tat io.appium.uiautomator2.handler.FindElement.findElement(FindElement.java:90)\n\tat io.appium.uiautomator2.handler.FindElement.safeHandle(FindElement.java:67)\n\tat io.appium.uiautomator2.handler.request.SafeRequestHandler.handle(SafeRequestHandler.java:59)\n\tat io.appium.uiautomator2.server.AppiumServlet.handleRequest(AppiumServlet.java:267)\n\tat io.appium.uiautomator2.server.AppiumServlet.handleHttpRequest(AppiumServlet.java:261)\n\tat io.appium.uiautomator2.http.ServerHandler.channelRead(ServerHandler.java:68)\n\tat io.netty.channel.AbstractChannelHandlerContext.invokeChannelRead(AbstractChannelHandlerContext.java:366)\n\tat io.netty.channel.AbstractChannelHandlerCont...
2024-07-30 09:52:44:429 [W3C] Matched W3C error code 'no such element' to NoSuchElementError
2024-07-30 09:52:44:430 [W3C (afacdf8f)] Encountered internal error running command: NoSuchElementError: An element could not be located on the page using the given search parameters.
2024-07-30 09:52:44:430 [W3C (afacdf8f)]     at AndroidUiautomator2Driver.findElOrEls (/Users/oimtrust/.config/yarn/global/node_modules/appium-android-driver/lib/commands/find.js:75:11)
2024-07-30 09:52:44:430 [W3C (afacdf8f)]     at processTicksAndRejections (node:internal/process/task_queues:96:5)
2024-07-30 09:52:44:430 [W3C (afacdf8f)]     at AndroidUiautomator2Driver.findElOrElsWithProcessing (/Users/oimtrust/.config/yarn/global/node_modules/appium-base-driver/lib/basedriver/commands/find.js:33:12)
2024-07-30 09:52:44:430 [W3C (afacdf8f)]     at AndroidUiautomator2Driver.findElement (/Users/oimtrust/.config/yarn/global/node_modules/appium-base-driver/lib/basedriver/commands/find.js:53:10)
2024-07-30 09:52:44:431 [HTTP] <-- POST /session/afacdf8f-2195-43f6-b1c7-34384fae0d45/element 404 42 ms - 785
2024-07-30 09:52:44:431 [HTTP] 
2024-07-30 09:52:44:777 [HTTP] --> GET /wd/hub/session/414c7d43-cd61-4bed-85f3-6a5c40d1d129/timeouts
2024-07-30 09:52:44:778 [HTTP] {}
2024-07-30 09:52:44:778 [HTTP] No route found for /wd/hub/session/414c7d43-cd61-4bed-85f3-6a5c40d1d129/timeouts
2024-07-30 09:52:44:779 [HTTP] <-- GET /wd/hub/session/414c7d43-cd61-4bed-85f3-6a5c40d1d129/timeouts 404 2 ms - 262
2024-07-30 09:52:44:779 [HTTP] 
2024-07-30 09:52:44:952 [HTTP] --> DELETE /session/afacdf8f-2195-43f6-b1c7-34384fae0d45
2024-07-30 09:52:44:953 [HTTP] {}
2024-07-30 09:52:44:953 [W3C (afacdf8f)] Calling AppiumDriver.deleteSession() with args: ["afacdf8f-2195-43f6-b1c7-34384fae0d45"]
2024-07-30 09:52:44:953 [BaseDriver] Event 'quitSessionRequested' logged at 1722333164953 (16:52:44 GMT+0700 (Western Indonesia Time))
2024-07-30 09:52:44:953 [Appium] Removing session afacdf8f-2195-43f6-b1c7-34384fae0d45 from our master session list
2024-07-30 09:52:44:954 [UiAutomator2] Deleting UiAutomator2 session
2024-07-30 09:52:44:955 [UiAutomator2] Deleting UiAutomator2 server session
2024-07-30 09:52:44:956 [WD Proxy] Matched '/' to command name 'deleteSession'
2024-07-30 09:52:44:956 [WD Proxy] Proxying [DELETE /] to [DELETE http://127.0.0.1:8200/wd/hub/session/db201f5c-7940-497a-a16c-c6c30ca7a5cb] with no body
2024-07-30 09:52:44:983 [WD Proxy] Got response with status 200: {"sessionId":"db201f5c-7940-497a-a16c-c6c30ca7a5cb","value":null}
2024-07-30 09:52:44:984 [ADB] Running '/Users/oimtrust/Library/Android/sdk/platform-tools/adb -P 5037 -s emulator-5554 shell am force-stop id.superapp.courier.stg'
2024-07-30 09:52:45:083 [Logcat] Stopping logcat capture
2024-07-30 09:52:45:086 [ADB] Removing forwarded port socket connection: 8200 
2024-07-30 09:52:45:087 [ADB] Running '/Users/oimtrust/Library/Android/sdk/platform-tools/adb -P 5037 -s emulator-5554 forward --remove tcp:8200'
2024-07-30 09:52:45:109 [BaseDriver] Event 'quitSessionFinished' logged at 1722333165108 (16:52:45 GMT+0700 (Western Indonesia Time))
2024-07-30 09:52:45:109 [W3C (afacdf8f)] Received response: null
2024-07-30 09:52:45:109 [W3C (afacdf8f)] But deleting session, so not returning
2024-07-30 09:52:45:109 [W3C (afacdf8f)] Responding to client with driver.deleteSession() result: null
2024-07-30 09:52:45:110 [HTTP] <-- DELETE /session/afacdf8f-2195-43f6-b1c7-34384fae0d45 200 157 ms - 14
2024-07-30 09:52:45:110 [HTTP] 
2024-07-30 09:52:45:176 [Instrumentation] .
2024-07-30 09:52:45:231 [Instrumentation] Time: 15.132
2024-07-30 09:52:45:231 [Instrumentation] 
2024-07-30 09:52:45:231 [Instrumentation] OK (1 test)
2024-07-30 09:52:45:236 [Appium] Received SIGTERM - shutting down
